{"C:\\Users\\anand\\Desktop\\jet\\src\\server\\index.ts": {"path":"C:\\Users\\anand\\Desktop\\jet\\src\\server\\index.ts","statementMap":{"0":{"start":{"line":35,"column":2},"end":{"line":35,"column":null}},"1":{"start":{"line":39,"column":2},"end":{"line":39,"column":null}},"2":{"start":{"line":43,"column":2},"end":{"line":47,"column":null}},"3":{"start":{"line":44,"column":4},"end":{"line":44,"column":null}},"4":{"start":{"line":45,"column":4},"end":{"line":45,"column":null}},"5":{"start":{"line":47,"column":4},"end":{"line":47,"column":null}},"6":{"start":{"line":52,"column":2},"end":{"line":52,"column":null}},"7":{"start":{"line":56,"column":17},"end":{"line":56,"column":30}},"8":{"start":{"line":57,"column":2},"end":{"line":58,"column":null}},"9":{"start":{"line":58,"column":4},"end":{"line":58,"column":null}},"10":{"start":{"line":61,"column":2},"end":{"line":61,"column":null}},"11":{"start":{"line":65,"column":2},"end":{"line":65,"column":null}},"12":{"start":{"line":69,"column":8},"end":{"line":75,"column":4}},"13":{"start":{"line":76,"column":27},"end":{"line":76,"column":67}},"14":{"start":{"line":77,"column":26},"end":{"line":77,"column":null}},"15":{"start":{"line":79,"column":2},"end":{"line":80,"column":null}},"16":{"start":{"line":80,"column":4},"end":{"line":80,"column":null}},"17":{"start":{"line":83,"column":24},"end":{"line":83,"column":115}},"18":{"start":{"line":84,"column":24},"end":{"line":84,"column":114}},"19":{"start":{"line":85,"column":2},"end":{"line":88,"column":null}},"20":{"start":{"line":89,"column":2},"end":{"line":91,"column":null}},"21":{"start":{"line":92,"column":2},"end":{"line":95,"column":null}},"22":{"start":{"line":96,"column":2},"end":{"line":101,"column":null}},"23":{"start":{"line":102,"column":30},"end":{"line":108,"column":null}},"24":{"start":{"line":110,"column":2},"end":{"line":120,"column":null}},"25":{"start":{"line":113,"column":6},"end":{"line":115,"column":null}},"26":{"start":{"line":114,"column":8},"end":{"line":114,"column":null}},"27":{"start":{"line":115,"column":8},"end":{"line":115,"column":null}},"28":{"start":{"line":118,"column":6},"end":{"line":118,"column":null}},"29":{"start":{"line":121,"column":2},"end":{"line":125,"column":null}},"30":{"start":{"line":128,"column":2},"end":{"line":130,"column":null}},"31":{"start":{"line":129,"column":5},"end":{"line":129,"column":null}},"32":{"start":{"line":132,"column":2},"end":{"line":142,"column":null}},"33":{"start":{"line":133,"column":23},"end":{"line":133,"column":null}},"34":{"start":{"line":134,"column":4},"end":{"line":140,"column":null}},"35":{"start":{"line":135,"column":6},"end":{"line":140,"column":null}},"36":{"start":{"line":145,"column":2},"end":{"line":169,"column":null}},"37":{"start":{"line":146,"column":4},"end":{"line":152,"column":null}},"38":{"start":{"line":147,"column":6},"end":{"line":152,"column":null}},"39":{"start":{"line":149,"column":8},"end":{"line":149,"column":null}},"40":{"start":{"line":150,"column":8},"end":{"line":150,"column":null}},"41":{"start":{"line":152,"column":8},"end":{"line":152,"column":null}},"42":{"start":{"line":156,"column":4},"end":{"line":166,"column":null}},"43":{"start":{"line":162,"column":21},"end":{"line":162,"column":null}},"44":{"start":{"line":163,"column":6},"end":{"line":166,"column":null}},"45":{"start":{"line":164,"column":8},"end":{"line":164,"column":null}},"46":{"start":{"line":165,"column":8},"end":{"line":165,"column":null}},"47":{"start":{"line":166,"column":8},"end":{"line":166,"column":null}},"48":{"start":{"line":171,"column":2},"end":{"line":174,"column":null}},"49":{"start":{"line":171,"column":43},"end":{"line":174,"column":5}},"50":{"start":{"line":176,"column":2},"end":{"line":205,"column":null}},"51":{"start":{"line":177,"column":4},"end":{"line":203,"column":null}},"52":{"start":{"line":178,"column":30},"end":{"line":178,"column":62}},"53":{"start":{"line":179,"column":23},"end":{"line":179,"column":56}},"54":{"start":{"line":181,"column":6},"end":{"line":196,"column":null}},"55":{"start":{"line":198,"column":6},"end":{"line":198,"column":null}},"56":{"start":{"line":199,"column":6},"end":{"line":203,"column":null}},"57":{"start":{"line":208,"column":2},"end":{"line":223,"column":null}},"58":{"start":{"line":209,"column":18},"end":{"line":209,"column":52}},"59":{"start":{"line":210,"column":4},"end":{"line":210,"column":null}},"60":{"start":{"line":210,"column":16},"end":{"line":210,"column":null}},"61":{"start":{"line":212,"column":4},"end":{"line":222,"column":null}},"62":{"start":{"line":225,"column":23},"end":{"line":243,"column":null}},"63":{"start":{"line":229,"column":17},"end":{"line":229,"column":80}},"64":{"start":{"line":231,"column":4},"end":{"line":234,"column":null}},"65":{"start":{"line":232,"column":6},"end":{"line":232,"column":null}},"66":{"start":{"line":233,"column":6},"end":{"line":233,"column":null}},"67":{"start":{"line":234,"column":6},"end":{"line":234,"column":null}},"68":{"start":{"line":237,"column":4},"end":{"line":240,"column":null}},"69":{"start":{"line":238,"column":6},"end":{"line":238,"column":null}},"70":{"start":{"line":239,"column":6},"end":{"line":239,"column":null}},"71":{"start":{"line":240,"column":6},"end":{"line":240,"column":null}},"72":{"start":{"line":243,"column":4},"end":{"line":243,"column":null}},"73":{"start":{"line":246,"column":28},"end":{"line":261,"column":null}},"74":{"start":{"line":250,"column":18},"end":{"line":250,"column":52}},"75":{"start":{"line":251,"column":4},"end":{"line":252,"column":null}},"76":{"start":{"line":252,"column":6},"end":{"line":252,"column":null}},"77":{"start":{"line":255,"column":4},"end":{"line":258,"column":null}},"78":{"start":{"line":256,"column":6},"end":{"line":256,"column":null}},"79":{"start":{"line":257,"column":6},"end":{"line":257,"column":null}},"80":{"start":{"line":258,"column":6},"end":{"line":258,"column":null}},"81":{"start":{"line":261,"column":4},"end":{"line":261,"column":null}},"82":{"start":{"line":264,"column":25},"end":{"line":291,"column":null}},"83":{"start":{"line":269,"column":17},"end":{"line":271,"column":6}},"84":{"start":{"line":273,"column":4},"end":{"line":276,"column":null}},"85":{"start":{"line":274,"column":6},"end":{"line":274,"column":null}},"86":{"start":{"line":275,"column":6},"end":{"line":275,"column":null}},"87":{"start":{"line":276,"column":6},"end":{"line":276,"column":null}},"88":{"start":{"line":279,"column":4},"end":{"line":282,"column":null}},"89":{"start":{"line":280,"column":6},"end":{"line":280,"column":null}},"90":{"start":{"line":281,"column":6},"end":{"line":281,"column":null}},"91":{"start":{"line":282,"column":6},"end":{"line":282,"column":null}},"92":{"start":{"line":285,"column":4},"end":{"line":288,"column":null}},"93":{"start":{"line":286,"column":6},"end":{"line":286,"column":null}},"94":{"start":{"line":287,"column":6},"end":{"line":287,"column":null}},"95":{"start":{"line":288,"column":6},"end":{"line":288,"column":null}},"96":{"start":{"line":291,"column":4},"end":{"line":291,"column":null}},"97":{"start":{"line":294,"column":2},"end":{"line":306,"column":null}},"98":{"start":{"line":295,"column":22},"end":{"line":295,"column":32}},"99":{"start":{"line":296,"column":39},"end":{"line":299,"column":6}},"100":{"start":{"line":301,"column":4},"end":{"line":301,"column":null}},"101":{"start":{"line":302,"column":4},"end":{"line":305,"column":null}},"102":{"start":{"line":308,"column":2},"end":{"line":341,"column":null}},"103":{"start":{"line":309,"column":17},"end":{"line":309,"column":null}},"104":{"start":{"line":311,"column":4},"end":{"line":313,"column":null}},"105":{"start":{"line":312,"column":6},"end":{"line":312,"column":null}},"106":{"start":{"line":313,"column":6},"end":{"line":313,"column":null}},"107":{"start":{"line":316,"column":4},"end":{"line":318,"column":null}},"108":{"start":{"line":317,"column":6},"end":{"line":317,"column":null}},"109":{"start":{"line":318,"column":6},"end":{"line":318,"column":null}},"110":{"start":{"line":321,"column":4},"end":{"line":323,"column":null}},"111":{"start":{"line":322,"column":6},"end":{"line":322,"column":null}},"112":{"start":{"line":323,"column":6},"end":{"line":323,"column":null}},"113":{"start":{"line":326,"column":4},"end":{"line":339,"column":null}},"114":{"start":{"line":327,"column":23},"end":{"line":327,"column":91}},"115":{"start":{"line":328,"column":21},"end":{"line":330,"column":68}},"116":{"start":{"line":332,"column":6},"end":{"line":332,"column":null}},"117":{"start":{"line":333,"column":6},"end":{"line":336,"column":null}},"118":{"start":{"line":338,"column":6},"end":{"line":338,"column":null}},"119":{"start":{"line":339,"column":6},"end":{"line":339,"column":null}},"120":{"start":{"line":343,"column":2},"end":{"line":347,"column":null}},"121":{"start":{"line":344,"column":4},"end":{"line":344,"column":null}},"122":{"start":{"line":345,"column":4},"end":{"line":345,"column":null}},"123":{"start":{"line":346,"column":4},"end":{"line":346,"column":null}},"124":{"start":{"line":349,"column":2},"end":{"line":380,"column":null}},"125":{"start":{"line":350,"column":20},"end":{"line":350,"column":56}},"126":{"start":{"line":351,"column":4},"end":{"line":352,"column":null}},"127":{"start":{"line":352,"column":6},"end":{"line":352,"column":null}},"128":{"start":{"line":355,"column":21},"end":{"line":355,"column":null}},"129":{"start":{"line":356,"column":19},"end":{"line":356,"column":47}},"130":{"start":{"line":359,"column":4},"end":{"line":366,"column":null}},"131":{"start":{"line":360,"column":19},"end":{"line":360,"column":51}},"132":{"start":{"line":361,"column":6},"end":{"line":363,"column":null}},"133":{"start":{"line":362,"column":8},"end":{"line":362,"column":null}},"134":{"start":{"line":363,"column":8},"end":{"line":363,"column":null}},"135":{"start":{"line":365,"column":6},"end":{"line":365,"column":null}},"136":{"start":{"line":365,"column":16},"end":{"line":365,"column":null}},"137":{"start":{"line":366,"column":6},"end":{"line":366,"column":null}},"138":{"start":{"line":369,"column":19},"end":{"line":374,"column":null}},"139":{"start":{"line":376,"column":4},"end":{"line":376,"column":null}},"140":{"start":{"line":377,"column":17},"end":{"line":377,"column":49}},"141":{"start":{"line":378,"column":4},"end":{"line":378,"column":null}},"142":{"start":{"line":378,"column":14},"end":{"line":378,"column":null}},"143":{"start":{"line":379,"column":4},"end":{"line":379,"column":null}},"144":{"start":{"line":382,"column":2},"end":{"line":411,"column":null}},"145":{"start":{"line":383,"column":20},"end":{"line":383,"column":56}},"146":{"start":{"line":384,"column":4},"end":{"line":385,"column":null}},"147":{"start":{"line":385,"column":6},"end":{"line":385,"column":null}},"148":{"start":{"line":388,"column":17},"end":{"line":388,"column":null}},"149":{"start":{"line":389,"column":4},"end":{"line":391,"column":null}},"150":{"start":{"line":390,"column":6},"end":{"line":390,"column":null}},"151":{"start":{"line":391,"column":6},"end":{"line":391,"column":null}},"152":{"start":{"line":394,"column":21},"end":{"line":394,"column":54}},"153":{"start":{"line":395,"column":22},"end":{"line":395,"column":106}},"154":{"start":{"line":396,"column":24},"end":{"line":400,"column":null}},"155":{"start":{"line":399,"column":34},"end":{"line":399,"column":46}},"156":{"start":{"line":403,"column":4},"end":{"line":410,"column":null}},"157":{"start":{"line":413,"column":2},"end":{"line":459,"column":null}},"158":{"start":{"line":414,"column":20},"end":{"line":414,"column":86}},"159":{"start":{"line":415,"column":4},"end":{"line":416,"column":null}},"160":{"start":{"line":416,"column":6},"end":{"line":416,"column":null}},"161":{"start":{"line":419,"column":17},"end":{"line":419,"column":null}},"162":{"start":{"line":420,"column":4},"end":{"line":422,"column":null}},"163":{"start":{"line":421,"column":6},"end":{"line":421,"column":null}},"164":{"start":{"line":422,"column":6},"end":{"line":422,"column":null}},"165":{"start":{"line":425,"column":4},"end":{"line":457,"column":null}},"166":{"start":{"line":426,"column":30},"end":{"line":426,"column":98}},"167":{"start":{"line":427,"column":6},"end":{"line":430,"column":null}},"168":{"start":{"line":428,"column":8},"end":{"line":430,"column":null}},"169":{"start":{"line":433,"column":26},"end":{"line":433,"column":null}},"170":{"start":{"line":434,"column":26},"end":{"line":434,"column":null}},"171":{"start":{"line":436,"column":6},"end":{"line":438,"column":null}},"172":{"start":{"line":437,"column":8},"end":{"line":437,"column":null}},"173":{"start":{"line":438,"column":8},"end":{"line":438,"column":null}},"174":{"start":{"line":441,"column":24},"end":{"line":441,"column":86}},"175":{"start":{"line":442,"column":12},"end":{"line":442,"column":90}},"176":{"start":{"line":443,"column":22},"end":{"line":443,"column":96}},"177":{"start":{"line":445,"column":6},"end":{"line":445,"column":null}},"178":{"start":{"line":447,"column":6},"end":{"line":449,"column":null}},"179":{"start":{"line":451,"column":22},"end":{"line":451,"column":44}},"180":{"start":{"line":452,"column":6},"end":{"line":455,"column":null}},"181":{"start":{"line":453,"column":8},"end":{"line":453,"column":null}},"182":{"start":{"line":455,"column":8},"end":{"line":455,"column":null}},"183":{"start":{"line":457,"column":6},"end":{"line":457,"column":null}},"184":{"start":{"line":461,"column":2},"end":{"line":474,"column":null}},"185":{"start":{"line":462,"column":20},"end":{"line":462,"column":56}},"186":{"start":{"line":463,"column":4},"end":{"line":464,"column":null}},"187":{"start":{"line":464,"column":6},"end":{"line":464,"column":null}},"188":{"start":{"line":467,"column":4},"end":{"line":472,"column":null}},"189":{"start":{"line":468,"column":21},"end":{"line":468,"column":null}},"190":{"start":{"line":469,"column":6},"end":{"line":469,"column":null}},"191":{"start":{"line":471,"column":6},"end":{"line":471,"column":null}},"192":{"start":{"line":472,"column":6},"end":{"line":472,"column":null}},"193":{"start":{"line":476,"column":2},"end":{"line":505,"column":null}},"194":{"start":{"line":477,"column":18},"end":{"line":477,"column":52}},"195":{"start":{"line":478,"column":4},"end":{"line":479,"column":null}},"196":{"start":{"line":479,"column":6},"end":{"line":479,"column":null}},"197":{"start":{"line":482,"column":21},"end":{"line":482,"column":null}},"198":{"start":{"line":483,"column":19},"end":{"line":483,"column":47}},"199":{"start":{"line":484,"column":4},"end":{"line":491,"column":null}},"200":{"start":{"line":485,"column":19},"end":{"line":485,"column":51}},"201":{"start":{"line":486,"column":6},"end":{"line":488,"column":null}},"202":{"start":{"line":487,"column":8},"end":{"line":487,"column":null}},"203":{"start":{"line":488,"column":8},"end":{"line":488,"column":null}},"204":{"start":{"line":490,"column":6},"end":{"line":490,"column":null}},"205":{"start":{"line":490,"column":16},"end":{"line":490,"column":null}},"206":{"start":{"line":491,"column":6},"end":{"line":491,"column":null}},"207":{"start":{"line":494,"column":19},"end":{"line":499,"column":null}},"208":{"start":{"line":501,"column":4},"end":{"line":501,"column":null}},"209":{"start":{"line":502,"column":17},"end":{"line":502,"column":49}},"210":{"start":{"line":503,"column":4},"end":{"line":503,"column":null}},"211":{"start":{"line":503,"column":14},"end":{"line":503,"column":null}},"212":{"start":{"line":504,"column":4},"end":{"line":504,"column":null}},"213":{"start":{"line":507,"column":2},"end":{"line":542,"column":null}},"214":{"start":{"line":508,"column":18},"end":{"line":508,"column":52}},"215":{"start":{"line":509,"column":4},"end":{"line":510,"column":null}},"216":{"start":{"line":510,"column":6},"end":{"line":510,"column":null}},"217":{"start":{"line":513,"column":17},"end":{"line":513,"column":null}},"218":{"start":{"line":514,"column":20},"end":{"line":514,"column":null}},"219":{"start":{"line":515,"column":20},"end":{"line":520,"column":10}},"220":{"start":{"line":517,"column":61},"end":{"line":517,"column":142}},"221":{"start":{"line":518,"column":27},"end":{"line":518,"column":80}},"222":{"start":{"line":519,"column":29},"end":{"line":519,"column":43}},"223":{"start":{"line":522,"column":4},"end":{"line":524,"column":null}},"224":{"start":{"line":523,"column":6},"end":{"line":523,"column":null}},"225":{"start":{"line":524,"column":6},"end":{"line":524,"column":null}},"226":{"start":{"line":527,"column":4},"end":{"line":540,"column":null}},"227":{"start":{"line":528,"column":25},"end":{"line":528,"column":127}},"228":{"start":{"line":528,"column":64},"end":{"line":528,"column":86}},"229":{"start":{"line":528,"column":102},"end":{"line":528,"column":116}},"230":{"start":{"line":529,"column":31},"end":{"line":529,"column":87}},"231":{"start":{"line":530,"column":24},"end":{"line":535,"column":8}},"232":{"start":{"line":537,"column":6},"end":{"line":537,"column":null}},"233":{"start":{"line":539,"column":6},"end":{"line":539,"column":null}},"234":{"start":{"line":540,"column":6},"end":{"line":540,"column":null}},"235":{"start":{"line":544,"column":2},"end":{"line":567,"column":null}},"236":{"start":{"line":545,"column":18},"end":{"line":545,"column":52}},"237":{"start":{"line":546,"column":4},"end":{"line":547,"column":null}},"238":{"start":{"line":547,"column":6},"end":{"line":547,"column":null}},"239":{"start":{"line":550,"column":17},"end":{"line":550,"column":null}},"240":{"start":{"line":551,"column":29},"end":{"line":551,"column":58}},"241":{"start":{"line":552,"column":29},"end":{"line":552,"column":58}},"242":{"start":{"line":554,"column":4},"end":{"line":556,"column":null}},"243":{"start":{"line":555,"column":6},"end":{"line":555,"column":null}},"244":{"start":{"line":556,"column":6},"end":{"line":556,"column":null}},"245":{"start":{"line":559,"column":4},"end":{"line":561,"column":null}},"246":{"start":{"line":560,"column":6},"end":{"line":560,"column":null}},"247":{"start":{"line":561,"column":6},"end":{"line":561,"column":null}},"248":{"start":{"line":564,"column":4},"end":{"line":564,"column":null}},"249":{"start":{"line":565,"column":4},"end":{"line":565,"column":null}},"250":{"start":{"line":566,"column":4},"end":{"line":566,"column":null}},"251":{"start":{"line":569,"column":2},"end":{"line":593,"column":null}},"252":{"start":{"line":570,"column":18},"end":{"line":570,"column":52}},"253":{"start":{"line":571,"column":4},"end":{"line":572,"column":null}},"254":{"start":{"line":572,"column":6},"end":{"line":572,"column":null}},"255":{"start":{"line":575,"column":46},"end":{"line":575,"column":null}},"256":{"start":{"line":582,"column":4},"end":{"line":584,"column":null}},"257":{"start":{"line":583,"column":6},"end":{"line":583,"column":null}},"258":{"start":{"line":584,"column":6},"end":{"line":584,"column":null}},"259":{"start":{"line":587,"column":4},"end":{"line":592,"column":null}},"260":{"start":{"line":595,"column":2},"end":{"line":651,"column":null}},"261":{"start":{"line":596,"column":18},"end":{"line":596,"column":52}},"262":{"start":{"line":597,"column":4},"end":{"line":598,"column":null}},"263":{"start":{"line":598,"column":6},"end":{"line":598,"column":null}},"264":{"start":{"line":601,"column":17},"end":{"line":601,"column":null}},"265":{"start":{"line":603,"column":4},"end":{"line":605,"column":null}},"266":{"start":{"line":604,"column":6},"end":{"line":604,"column":null}},"267":{"start":{"line":605,"column":6},"end":{"line":605,"column":null}},"268":{"start":{"line":608,"column":4},"end":{"line":610,"column":null}},"269":{"start":{"line":609,"column":6},"end":{"line":609,"column":null}},"270":{"start":{"line":610,"column":6},"end":{"line":610,"column":null}},"271":{"start":{"line":613,"column":23},"end":{"line":621,"column":10}},"272":{"start":{"line":615,"column":25},"end":{"line":619,"column":13}},"273":{"start":{"line":620,"column":27},"end":{"line":620,"column":84}},"274":{"start":{"line":623,"column":4},"end":{"line":625,"column":null}},"275":{"start":{"line":624,"column":6},"end":{"line":624,"column":null}},"276":{"start":{"line":625,"column":6},"end":{"line":625,"column":null}},"277":{"start":{"line":628,"column":4},"end":{"line":630,"column":null}},"278":{"start":{"line":628,"column":33},"end":{"line":628,"column":46}},"279":{"start":{"line":629,"column":6},"end":{"line":629,"column":null}},"280":{"start":{"line":630,"column":6},"end":{"line":630,"column":null}},"281":{"start":{"line":633,"column":20},"end":{"line":635,"column":10}},"282":{"start":{"line":634,"column":37},"end":{"line":634,"column":50}},"283":{"start":{"line":637,"column":4},"end":{"line":649,"column":null}},"284":{"start":{"line":638,"column":23},"end":{"line":644,"column":8}},"285":{"start":{"line":646,"column":6},"end":{"line":646,"column":null}},"286":{"start":{"line":648,"column":6},"end":{"line":648,"column":null}},"287":{"start":{"line":649,"column":6},"end":{"line":649,"column":null}},"288":{"start":{"line":653,"column":2},"end":{"line":710,"column":null}},"289":{"start":{"line":654,"column":18},"end":{"line":654,"column":52}},"290":{"start":{"line":655,"column":4},"end":{"line":656,"column":null}},"291":{"start":{"line":656,"column":6},"end":{"line":656,"column":null}},"292":{"start":{"line":659,"column":19},"end":{"line":659,"column":null}},"293":{"start":{"line":660,"column":17},"end":{"line":660,"column":null}},"294":{"start":{"line":662,"column":4},"end":{"line":664,"column":null}},"295":{"start":{"line":663,"column":6},"end":{"line":663,"column":null}},"296":{"start":{"line":664,"column":6},"end":{"line":664,"column":null}},"297":{"start":{"line":667,"column":4},"end":{"line":669,"column":null}},"298":{"start":{"line":668,"column":6},"end":{"line":668,"column":null}},"299":{"start":{"line":669,"column":6},"end":{"line":669,"column":null}},"300":{"start":{"line":672,"column":23},"end":{"line":680,"column":10}},"301":{"start":{"line":674,"column":25},"end":{"line":678,"column":13}},"302":{"start":{"line":679,"column":27},"end":{"line":679,"column":84}},"303":{"start":{"line":682,"column":4},"end":{"line":684,"column":null}},"304":{"start":{"line":683,"column":6},"end":{"line":683,"column":null}},"305":{"start":{"line":684,"column":6},"end":{"line":684,"column":null}},"306":{"start":{"line":687,"column":4},"end":{"line":689,"column":null}},"307":{"start":{"line":687,"column":33},"end":{"line":687,"column":46}},"308":{"start":{"line":688,"column":6},"end":{"line":688,"column":null}},"309":{"start":{"line":689,"column":6},"end":{"line":689,"column":null}},"310":{"start":{"line":692,"column":20},"end":{"line":694,"column":10}},"311":{"start":{"line":693,"column":37},"end":{"line":693,"column":50}},"312":{"start":{"line":696,"column":4},"end":{"line":708,"column":null}},"313":{"start":{"line":697,"column":23},"end":{"line":703,"column":8}},"314":{"start":{"line":705,"column":6},"end":{"line":705,"column":null}},"315":{"start":{"line":707,"column":6},"end":{"line":707,"column":null}},"316":{"start":{"line":708,"column":6},"end":{"line":708,"column":null}},"317":{"start":{"line":712,"column":2},"end":{"line":739,"column":null}},"318":{"start":{"line":713,"column":18},"end":{"line":713,"column":52}},"319":{"start":{"line":714,"column":4},"end":{"line":715,"column":null}},"320":{"start":{"line":715,"column":6},"end":{"line":715,"column":null}},"321":{"start":{"line":718,"column":17},"end":{"line":718,"column":37}},"322":{"start":{"line":719,"column":4},"end":{"line":721,"column":null}},"323":{"start":{"line":720,"column":6},"end":{"line":720,"column":null}},"324":{"start":{"line":721,"column":6},"end":{"line":721,"column":null}},"325":{"start":{"line":724,"column":4},"end":{"line":737,"column":null}},"326":{"start":{"line":725,"column":21},"end":{"line":725,"column":73}},"327":{"start":{"line":726,"column":21},"end":{"line":726,"column":74}},"328":{"start":{"line":727,"column":6},"end":{"line":727,"column":null}},"329":{"start":{"line":728,"column":6},"end":{"line":728,"column":null}},"330":{"start":{"line":729,"column":6},"end":{"line":734,"column":null}},"331":{"start":{"line":736,"column":6},"end":{"line":736,"column":null}},"332":{"start":{"line":737,"column":6},"end":{"line":737,"column":null}},"333":{"start":{"line":741,"column":2},"end":{"line":750,"column":null}},"334":{"start":{"line":742,"column":18},"end":{"line":742,"column":52}},"335":{"start":{"line":743,"column":4},"end":{"line":744,"column":null}},"336":{"start":{"line":744,"column":6},"end":{"line":744,"column":null}},"337":{"start":{"line":747,"column":19},"end":{"line":747,"column":null}},"338":{"start":{"line":748,"column":4},"end":{"line":748,"column":null}},"339":{"start":{"line":749,"column":4},"end":{"line":749,"column":null}},"340":{"start":{"line":752,"column":2},"end":{"line":774,"column":null}},"341":{"start":{"line":753,"column":18},"end":{"line":753,"column":52}},"342":{"start":{"line":754,"column":4},"end":{"line":755,"column":null}},"343":{"start":{"line":755,"column":6},"end":{"line":755,"column":null}},"344":{"start":{"line":758,"column":17},"end":{"line":758,"column":null}},"345":{"start":{"line":760,"column":4},"end":{"line":761,"column":null}},"346":{"start":{"line":761,"column":6},"end":{"line":761,"column":null}},"347":{"start":{"line":764,"column":4},"end":{"line":765,"column":null}},"348":{"start":{"line":765,"column":6},"end":{"line":765,"column":null}},"349":{"start":{"line":768,"column":4},"end":{"line":769,"column":null}},"350":{"start":{"line":769,"column":6},"end":{"line":769,"column":null}},"351":{"start":{"line":772,"column":4},"end":{"line":772,"column":null}},"352":{"start":{"line":773,"column":4},"end":{"line":773,"column":null}},"353":{"start":{"line":776,"column":2},"end":{"line":795,"column":null}},"354":{"start":{"line":777,"column":18},"end":{"line":777,"column":52}},"355":{"start":{"line":778,"column":4},"end":{"line":779,"column":null}},"356":{"start":{"line":779,"column":6},"end":{"line":779,"column":null}},"357":{"start":{"line":782,"column":17},"end":{"line":782,"column":37}},"358":{"start":{"line":783,"column":4},"end":{"line":785,"column":null}},"359":{"start":{"line":784,"column":6},"end":{"line":784,"column":null}},"360":{"start":{"line":785,"column":6},"end":{"line":785,"column":null}},"361":{"start":{"line":788,"column":4},"end":{"line":793,"column":null}},"362":{"start":{"line":789,"column":23},"end":{"line":789,"column":113}},"363":{"start":{"line":790,"column":6},"end":{"line":790,"column":null}},"364":{"start":{"line":792,"column":6},"end":{"line":792,"column":null}},"365":{"start":{"line":793,"column":6},"end":{"line":793,"column":null}},"366":{"start":{"line":797,"column":2},"end":{"line":816,"column":null}},"367":{"start":{"line":798,"column":18},"end":{"line":798,"column":52}},"368":{"start":{"line":799,"column":4},"end":{"line":800,"column":null}},"369":{"start":{"line":800,"column":6},"end":{"line":800,"column":null}},"370":{"start":{"line":803,"column":17},"end":{"line":803,"column":null}},"371":{"start":{"line":805,"column":4},"end":{"line":814,"column":null}},"372":{"start":{"line":806,"column":22},"end":{"line":809,"column":null}},"373":{"start":{"line":811,"column":6},"end":{"line":811,"column":null}},"374":{"start":{"line":813,"column":6},"end":{"line":813,"column":null}},"375":{"start":{"line":814,"column":6},"end":{"line":814,"column":null}},"376":{"start":{"line":818,"column":2},"end":{"line":831,"column":null}},"377":{"start":{"line":819,"column":18},"end":{"line":819,"column":52}},"378":{"start":{"line":820,"column":4},"end":{"line":821,"column":null}},"379":{"start":{"line":821,"column":6},"end":{"line":821,"column":null}},"380":{"start":{"line":824,"column":39},"end":{"line":824,"column":null}},"381":{"start":{"line":826,"column":4},"end":{"line":830,"column":null}},"382":{"start":{"line":833,"column":2},"end":{"line":853,"column":null}},"383":{"start":{"line":834,"column":18},"end":{"line":834,"column":52}},"384":{"start":{"line":835,"column":4},"end":{"line":836,"column":null}},"385":{"start":{"line":836,"column":6},"end":{"line":836,"column":null}},"386":{"start":{"line":839,"column":19},"end":{"line":839,"column":null}},"387":{"start":{"line":840,"column":17},"end":{"line":840,"column":null}},"388":{"start":{"line":842,"column":4},"end":{"line":851,"column":null}},"389":{"start":{"line":843,"column":22},"end":{"line":847,"column":8}},"390":{"start":{"line":848,"column":6},"end":{"line":848,"column":null}},"391":{"start":{"line":850,"column":6},"end":{"line":850,"column":null}},"392":{"start":{"line":851,"column":6},"end":{"line":851,"column":null}},"393":{"start":{"line":855,"column":2},"end":{"line":872,"column":null}},"394":{"start":{"line":856,"column":18},"end":{"line":856,"column":57}},"395":{"start":{"line":857,"column":4},"end":{"line":858,"column":null}},"396":{"start":{"line":858,"column":6},"end":{"line":858,"column":null}},"397":{"start":{"line":861,"column":17},"end":{"line":861,"column":null}},"398":{"start":{"line":862,"column":4},"end":{"line":863,"column":null}},"399":{"start":{"line":863,"column":6},"end":{"line":863,"column":null}},"400":{"start":{"line":866,"column":4},"end":{"line":868,"column":null}},"401":{"start":{"line":867,"column":6},"end":{"line":867,"column":null}},"402":{"start":{"line":868,"column":6},"end":{"line":868,"column":null}},"403":{"start":{"line":871,"column":4},"end":{"line":871,"column":null}},"404":{"start":{"line":874,"column":2},"end":{"line":888,"column":null}},"405":{"start":{"line":875,"column":18},"end":{"line":875,"column":57}},"406":{"start":{"line":876,"column":4},"end":{"line":877,"column":null}},"407":{"start":{"line":877,"column":6},"end":{"line":877,"column":null}},"408":{"start":{"line":880,"column":4},"end":{"line":886,"column":null}},"409":{"start":{"line":881,"column":21},"end":{"line":881,"column":null}},"410":{"start":{"line":882,"column":6},"end":{"line":882,"column":null}},"411":{"start":{"line":883,"column":6},"end":{"line":883,"column":null}},"412":{"start":{"line":885,"column":6},"end":{"line":885,"column":null}},"413":{"start":{"line":886,"column":6},"end":{"line":886,"column":null}},"414":{"start":{"line":890,"column":2},"end":{"line":903,"column":null}},"415":{"start":{"line":891,"column":18},"end":{"line":891,"column":57}},"416":{"start":{"line":892,"column":4},"end":{"line":893,"column":null}},"417":{"start":{"line":893,"column":6},"end":{"line":893,"column":null}},"418":{"start":{"line":896,"column":39},"end":{"line":896,"column":null}},"419":{"start":{"line":898,"column":4},"end":{"line":902,"column":null}},"420":{"start":{"line":905,"column":2},"end":{"line":920,"column":null}},"421":{"start":{"line":906,"column":18},"end":{"line":906,"column":57}},"422":{"start":{"line":907,"column":4},"end":{"line":908,"column":null}},"423":{"start":{"line":908,"column":6},"end":{"line":908,"column":null}},"424":{"start":{"line":911,"column":17},"end":{"line":911,"column":null}},"425":{"start":{"line":913,"column":4},"end":{"line":918,"column":null}},"426":{"start":{"line":914,"column":27},"end":{"line":914,"column":97}},"427":{"start":{"line":915,"column":6},"end":{"line":915,"column":null}},"428":{"start":{"line":917,"column":6},"end":{"line":917,"column":null}},"429":{"start":{"line":918,"column":6},"end":{"line":918,"column":null}},"430":{"start":{"line":922,"column":2},"end":{"line":941,"column":null}},"431":{"start":{"line":923,"column":18},"end":{"line":923,"column":57}},"432":{"start":{"line":924,"column":4},"end":{"line":925,"column":null}},"433":{"start":{"line":925,"column":6},"end":{"line":925,"column":null}},"434":{"start":{"line":928,"column":19},"end":{"line":928,"column":null}},"435":{"start":{"line":929,"column":17},"end":{"line":929,"column":null}},"436":{"start":{"line":931,"column":4},"end":{"line":939,"column":null}},"437":{"start":{"line":932,"column":27},"end":{"line":935,"column":8}},"438":{"start":{"line":936,"column":6},"end":{"line":936,"column":null}},"439":{"start":{"line":938,"column":6},"end":{"line":938,"column":null}},"440":{"start":{"line":939,"column":6},"end":{"line":939,"column":null}},"441":{"start":{"line":943,"column":2},"end":{"line":961,"column":null}},"442":{"start":{"line":944,"column":18},"end":{"line":944,"column":57}},"443":{"start":{"line":945,"column":4},"end":{"line":946,"column":null}},"444":{"start":{"line":946,"column":6},"end":{"line":946,"column":null}},"445":{"start":{"line":949,"column":17},"end":{"line":949,"column":null}},"446":{"start":{"line":950,"column":4},"end":{"line":952,"column":null}},"447":{"start":{"line":951,"column":6},"end":{"line":951,"column":null}},"448":{"start":{"line":952,"column":6},"end":{"line":952,"column":null}},"449":{"start":{"line":955,"column":4},"end":{"line":959,"column":null}},"450":{"start":{"line":956,"column":6},"end":{"line":956,"column":null}},"451":{"start":{"line":958,"column":6},"end":{"line":958,"column":null}},"452":{"start":{"line":959,"column":6},"end":{"line":959,"column":null}},"453":{"start":{"line":963,"column":2},"end":{"line":977,"column":null}},"454":{"start":{"line":964,"column":18},"end":{"line":964,"column":57}},"455":{"start":{"line":965,"column":4},"end":{"line":966,"column":null}},"456":{"start":{"line":966,"column":6},"end":{"line":966,"column":null}},"457":{"start":{"line":969,"column":4},"end":{"line":975,"column":null}},"458":{"start":{"line":970,"column":21},"end":{"line":970,"column":null}},"459":{"start":{"line":971,"column":6},"end":{"line":971,"column":null}},"460":{"start":{"line":972,"column":6},"end":{"line":972,"column":null}},"461":{"start":{"line":974,"column":6},"end":{"line":974,"column":null}},"462":{"start":{"line":975,"column":6},"end":{"line":975,"column":null}},"463":{"start":{"line":979,"column":23},"end":{"line":979,"column":56}},"464":{"start":{"line":980,"column":2},"end":{"line":991,"column":null}},"465":{"start":{"line":981,"column":4},"end":{"line":991,"column":null}},"466":{"start":{"line":985,"column":8},"end":{"line":988,"column":null}},"467":{"start":{"line":986,"column":10},"end":{"line":986,"column":null}},"468":{"start":{"line":988,"column":10},"end":{"line":988,"column":null}},"469":{"start":{"line":994,"column":2},"end":{"line":1006,"column":null}},"470":{"start":{"line":995,"column":4},"end":{"line":997,"column":null}},"471":{"start":{"line":996,"column":6},"end":{"line":996,"column":null}},"472":{"start":{"line":997,"column":6},"end":{"line":997,"column":null}},"473":{"start":{"line":1000,"column":4},"end":{"line":1001,"column":null}},"474":{"start":{"line":1001,"column":6},"end":{"line":1001,"column":null}},"475":{"start":{"line":1004,"column":4},"end":{"line":1004,"column":null}},"476":{"start":{"line":1005,"column":4},"end":{"line":1005,"column":null}},"477":{"start":{"line":1008,"column":2},"end":{"line":1008,"column":null}},"478":{"start":{"line":1012,"column":8},"end":{"line":1012,"column":41}},"479":{"start":{"line":1013,"column":14},"end":{"line":1013,"column":39}},"480":{"start":{"line":1014,"column":15},"end":{"line":1014,"column":null}},"481":{"start":{"line":1015,"column":15},"end":{"line":1015,"column":null}},"482":{"start":{"line":1016,"column":21},"end":{"line":1016,"column":null}},"483":{"start":{"line":1018,"column":19},"end":{"line":1037,"column":null}},"484":{"start":{"line":1019,"column":4},"end":{"line":1019,"column":null}},"485":{"start":{"line":1019,"column":22},"end":{"line":1019,"column":null}},"486":{"start":{"line":1020,"column":4},"end":{"line":1020,"column":null}},"487":{"start":{"line":1021,"column":4},"end":{"line":1021,"column":null}},"488":{"start":{"line":1024,"column":25},"end":{"line":1027,"column":14}},"489":{"start":{"line":1025,"column":6},"end":{"line":1025,"column":null}},"490":{"start":{"line":1026,"column":6},"end":{"line":1026,"column":null}},"491":{"start":{"line":1029,"column":4},"end":{"line":1037,"column":null}},"492":{"start":{"line":1030,"column":6},"end":{"line":1030,"column":null}},"493":{"start":{"line":1031,"column":6},"end":{"line":1031,"column":null}},"494":{"start":{"line":1032,"column":6},"end":{"line":1032,"column":null}},"495":{"start":{"line":1033,"column":6},"end":{"line":1033,"column":null}},"496":{"start":{"line":1035,"column":6},"end":{"line":1035,"column":null}},"497":{"start":{"line":1036,"column":6},"end":{"line":1036,"column":null}},"498":{"start":{"line":1037,"column":6},"end":{"line":1037,"column":null}},"499":{"start":{"line":1041,"column":2},"end":{"line":1041,"column":null}},"500":{"start":{"line":1041,"column":33},"end":{"line":1041,"column":60}},"501":{"start":{"line":1042,"column":2},"end":{"line":1042,"column":null}},"502":{"start":{"line":1042,"column":34},"end":{"line":1042,"column":62}},"503":{"start":{"line":1045,"column":2},"end":{"line":1047,"column":null}},"504":{"start":{"line":1046,"column":4},"end":{"line":1046,"column":null}},"505":{"start":{"line":1049,"column":2},"end":{"line":1049,"column":null}},"506":{"start":{"line":1050,"column":2},"end":{"line":1050,"column":null}},"507":{"start":{"line":1051,"column":2},"end":{"line":1051,"column":null}},"508":{"start":{"line":1054,"column":0},"end":{"line":1057,"column":null}},"509":{"start":{"line":1055,"column":2},"end":{"line":1055,"column":null}},"510":{"start":{"line":1056,"column":2},"end":{"line":1056,"column":null}}},"fnMap":{"0":{"name":"isLevel","decl":{"start":{"line":34,"column":9},"end":{"line":34,"column":17}},"loc":{"start":{"line":34,"column":60},"end":{"line":35,"column":null}},"line":34},"1":{"name":"resolveProjectPath","decl":{"start":{"line":38,"column":9},"end":{"line":38,"column":28}},"loc":{"start":{"line":38,"column":59},"end":{"line":39,"column":null}},"line":38},"2":{"name":"pathExists","decl":{"start":{"line":42,"column":15},"end":{"line":42,"column":26}},"loc":{"start":{"line":42,"column":58},"end":{"line":47,"column":null}},"line":42},"3":{"name":"getErrorMessage","decl":{"start":{"line":51,"column":9},"end":{"line":51,"column":25}},"loc":{"start":{"line":51,"column":49},"end":{"line":52,"column":null}},"line":51},"4":{"name":"parsePositiveInteger","decl":{"start":{"line":55,"column":9},"end":{"line":55,"column":30}},"loc":{"start":{"line":55,"column":72},"end":{"line":61,"column":null}},"line":55},"5":{"name":"getSessionToken","decl":{"start":{"line":64,"column":9},"end":{"line":64,"column":25}},"loc":{"start":{"line":64,"column":65},"end":{"line":65,"column":null}},"line":64},"6":{"name":"buildServer","decl":{"start":{"line":68,"column":15},"end":{"line":68,"column":27}},"loc":{"start":{"line":68,"column":56},"end":{"line":1008,"column":null}},"line":68},"7":{"name":"(anonymous_7)","decl":{"start":{"line":112,"column":4},"end":{"line":112,"column":11}},"loc":{"start":{"line":112,"column":29},"end":{"line":118,"column":null}},"line":112},"8":{"name":"(anonymous_8)","decl":{"start":{"line":128,"column":27},"end":{"line":128,"column":34}},"loc":{"start":{"line":128,"column":46},"end":{"line":130,"column":null}},"line":128},"9":{"name":"(anonymous_9)","decl":{"start":{"line":132,"column":28},"end":{"line":132,"column":35}},"loc":{"start":{"line":132,"column":54},"end":{"line":142,"column":null}},"line":132},"10":{"name":"(anonymous_10)","decl":{"start":{"line":145,"column":27},"end":{"line":145,"column":34}},"loc":{"start":{"line":145,"column":53},"end":{"line":169,"column":null}},"line":145},"11":{"name":"(anonymous_11)","decl":{"start":{"line":171,"column":30},"end":{"line":171,"column":43}},"loc":{"start":{"line":171,"column":43},"end":{"line":174,"column":5}},"line":171},"12":{"name":"(anonymous_12)","decl":{"start":{"line":176,"column":31},"end":{"line":176,"column":38}},"loc":{"start":{"line":176,"column":58},"end":{"line":205,"column":null}},"line":176},"13":{"name":"(anonymous_13)","decl":{"start":{"line":208,"column":33},"end":{"line":208,"column":40}},"loc":{"start":{"line":208,"column":59},"end":{"line":223,"column":null}},"line":208},"14":{"name":"(anonymous_14)","decl":{"start":{"line":225,"column":23},"end":{"line":225,"column":null}},"loc":{"start":{"line":228,"column":48},"end":{"line":243,"column":null}},"line":228},"15":{"name":"(anonymous_15)","decl":{"start":{"line":246,"column":28},"end":{"line":246,"column":null}},"loc":{"start":{"line":249,"column":48},"end":{"line":261,"column":null}},"line":249},"16":{"name":"(anonymous_16)","decl":{"start":{"line":264,"column":25},"end":{"line":264,"column":null}},"loc":{"start":{"line":268,"column":50},"end":{"line":291,"column":null}},"line":268},"17":{"name":"(anonymous_17)","decl":{"start":{"line":294,"column":30},"end":{"line":294,"column":37}},"loc":{"start":{"line":294,"column":56},"end":{"line":306,"column":null}},"line":294},"18":{"name":"(anonymous_18)","decl":{"start":{"line":308,"column":52},"end":{"line":308,"column":59}},"loc":{"start":{"line":308,"column":78},"end":{"line":341,"column":null}},"line":308},"19":{"name":"(anonymous_19)","decl":{"start":{"line":343,"column":31},"end":{"line":343,"column":38}},"loc":{"start":{"line":343,"column":57},"end":{"line":347,"column":null}},"line":343},"20":{"name":"(anonymous_20)","decl":{"start":{"line":349,"column":36},"end":{"line":349,"column":43}},"loc":{"start":{"line":349,"column":62},"end":{"line":380,"column":null}},"line":349},"21":{"name":"(anonymous_21)","decl":{"start":{"line":382,"column":38},"end":{"line":382,"column":45}},"loc":{"start":{"line":382,"column":64},"end":{"line":411,"column":null}},"line":382},"22":{"name":"(anonymous_22)","decl":{"start":{"line":399,"column":16},"end":{"line":399,"column":21}},"loc":{"start":{"line":399,"column":34},"end":{"line":399,"column":46}},"line":399},"23":{"name":"(anonymous_23)","decl":{"start":{"line":413,"column":39},"end":{"line":413,"column":46}},"loc":{"start":{"line":413,"column":65},"end":{"line":459,"column":null}},"line":413},"24":{"name":"(anonymous_24)","decl":{"start":{"line":461,"column":39},"end":{"line":461,"column":46}},"loc":{"start":{"line":461,"column":65},"end":{"line":474,"column":null}},"line":461},"25":{"name":"(anonymous_25)","decl":{"start":{"line":476,"column":34},"end":{"line":476,"column":41}},"loc":{"start":{"line":476,"column":60},"end":{"line":505,"column":null}},"line":476},"26":{"name":"(anonymous_26)","decl":{"start":{"line":507,"column":35},"end":{"line":507,"column":42}},"loc":{"start":{"line":507,"column":61},"end":{"line":542,"column":null}},"line":507},"27":{"name":"(anonymous_27)","decl":{"start":{"line":517,"column":11},"end":{"line":517,"column":19}},"loc":{"start":{"line":517,"column":61},"end":{"line":517,"column":142}},"line":517},"28":{"name":"(anonymous_28)","decl":{"start":{"line":518,"column":11},"end":{"line":518,"column":16}},"loc":{"start":{"line":518,"column":27},"end":{"line":518,"column":80}},"line":518},"29":{"name":"(anonymous_29)","decl":{"start":{"line":519,"column":11},"end":{"line":519,"column":19}},"loc":{"start":{"line":519,"column":29},"end":{"line":519,"column":43}},"line":519},"30":{"name":"(anonymous_30)","decl":{"start":{"line":528,"column":46},"end":{"line":528,"column":54}},"loc":{"start":{"line":528,"column":64},"end":{"line":528,"column":86}},"line":528},"31":{"name":"(anonymous_31)","decl":{"start":{"line":528,"column":87},"end":{"line":528,"column":92}},"loc":{"start":{"line":528,"column":102},"end":{"line":528,"column":116}},"line":528},"32":{"name":"(anonymous_32)","decl":{"start":{"line":544,"column":35},"end":{"line":544,"column":42}},"loc":{"start":{"line":544,"column":61},"end":{"line":567,"column":null}},"line":544},"33":{"name":"(anonymous_33)","decl":{"start":{"line":569,"column":34},"end":{"line":569,"column":41}},"loc":{"start":{"line":569,"column":60},"end":{"line":593,"column":null}},"line":569},"34":{"name":"(anonymous_34)","decl":{"start":{"line":595,"column":35},"end":{"line":595,"column":42}},"loc":{"start":{"line":595,"column":61},"end":{"line":651,"column":null}},"line":595},"35":{"name":"(anonymous_35)","decl":{"start":{"line":615,"column":11},"end":{"line":615,"column":16}},"loc":{"start":{"line":615,"column":25},"end":{"line":619,"column":13}},"line":615},"36":{"name":"(anonymous_36)","decl":{"start":{"line":620,"column":11},"end":{"line":620,"column":19}},"loc":{"start":{"line":620,"column":27},"end":{"line":620,"column":84}},"line":620},"37":{"name":"(anonymous_37)","decl":{"start":{"line":628,"column":19},"end":{"line":628,"column":25}},"loc":{"start":{"line":628,"column":33},"end":{"line":628,"column":46}},"line":628},"38":{"name":"(anonymous_38)","decl":{"start":{"line":634,"column":21},"end":{"line":634,"column":26}},"loc":{"start":{"line":634,"column":37},"end":{"line":634,"column":50}},"line":634},"39":{"name":"(anonymous_39)","decl":{"start":{"line":653,"column":40},"end":{"line":653,"column":47}},"loc":{"start":{"line":653,"column":66},"end":{"line":710,"column":null}},"line":653},"40":{"name":"(anonymous_40)","decl":{"start":{"line":674,"column":11},"end":{"line":674,"column":16}},"loc":{"start":{"line":674,"column":25},"end":{"line":678,"column":13}},"line":674},"41":{"name":"(anonymous_41)","decl":{"start":{"line":679,"column":11},"end":{"line":679,"column":19}},"loc":{"start":{"line":679,"column":27},"end":{"line":679,"column":84}},"line":679},"42":{"name":"(anonymous_42)","decl":{"start":{"line":687,"column":19},"end":{"line":687,"column":25}},"loc":{"start":{"line":687,"column":33},"end":{"line":687,"column":46}},"line":687},"43":{"name":"(anonymous_43)","decl":{"start":{"line":693,"column":21},"end":{"line":693,"column":26}},"loc":{"start":{"line":693,"column":37},"end":{"line":693,"column":50}},"line":693},"44":{"name":"(anonymous_44)","decl":{"start":{"line":712,"column":42},"end":{"line":712,"column":49}},"loc":{"start":{"line":712,"column":68},"end":{"line":739,"column":null}},"line":712},"45":{"name":"(anonymous_45)","decl":{"start":{"line":741,"column":41},"end":{"line":741,"column":48}},"loc":{"start":{"line":741,"column":67},"end":{"line":750,"column":null}},"line":741},"46":{"name":"(anonymous_46)","decl":{"start":{"line":752,"column":47},"end":{"line":752,"column":54}},"loc":{"start":{"line":752,"column":73},"end":{"line":774,"column":null}},"line":752},"47":{"name":"(anonymous_47)","decl":{"start":{"line":776,"column":41},"end":{"line":776,"column":48}},"loc":{"start":{"line":776,"column":67},"end":{"line":795,"column":null}},"line":776},"48":{"name":"(anonymous_48)","decl":{"start":{"line":797,"column":34},"end":{"line":797,"column":41}},"loc":{"start":{"line":797,"column":60},"end":{"line":816,"column":null}},"line":797},"49":{"name":"(anonymous_49)","decl":{"start":{"line":818,"column":33},"end":{"line":818,"column":40}},"loc":{"start":{"line":818,"column":59},"end":{"line":831,"column":null}},"line":818},"50":{"name":"(anonymous_50)","decl":{"start":{"line":833,"column":39},"end":{"line":833,"column":46}},"loc":{"start":{"line":833,"column":65},"end":{"line":853,"column":null}},"line":833},"51":{"name":"(anonymous_51)","decl":{"start":{"line":855,"column":46},"end":{"line":855,"column":53}},"loc":{"start":{"line":855,"column":72},"end":{"line":872,"column":null}},"line":855},"52":{"name":"(anonymous_52)","decl":{"start":{"line":874,"column":40},"end":{"line":874,"column":47}},"loc":{"start":{"line":874,"column":66},"end":{"line":888,"column":null}},"line":874},"53":{"name":"(anonymous_53)","decl":{"start":{"line":890,"column":31},"end":{"line":890,"column":38}},"loc":{"start":{"line":890,"column":57},"end":{"line":903,"column":null}},"line":890},"54":{"name":"(anonymous_54)","decl":{"start":{"line":905,"column":32},"end":{"line":905,"column":39}},"loc":{"start":{"line":905,"column":58},"end":{"line":920,"column":null}},"line":905},"55":{"name":"(anonymous_55)","decl":{"start":{"line":922,"column":37},"end":{"line":922,"column":44}},"loc":{"start":{"line":922,"column":63},"end":{"line":941,"column":null}},"line":922},"56":{"name":"(anonymous_56)","decl":{"start":{"line":943,"column":44},"end":{"line":943,"column":51}},"loc":{"start":{"line":943,"column":70},"end":{"line":961,"column":null}},"line":943},"57":{"name":"(anonymous_57)","decl":{"start":{"line":963,"column":38},"end":{"line":963,"column":45}},"loc":{"start":{"line":963,"column":64},"end":{"line":977,"column":null}},"line":963},"58":{"name":"(anonymous_58)","decl":{"start":{"line":984,"column":6},"end":{"line":984,"column":17}},"loc":{"start":{"line":984,"column":32},"end":{"line":988,"column":null}},"line":984},"59":{"name":"(anonymous_59)","decl":{"start":{"line":994,"column":25},"end":{"line":994,"column":32}},"loc":{"start":{"line":994,"column":51},"end":{"line":1006,"column":null}},"line":994},"60":{"name":"start","decl":{"start":{"line":1011,"column":15},"end":{"line":1011,"column":23}},"loc":{"start":{"line":1011,"column":23},"end":{"line":1051,"column":null}},"line":1011},"61":{"name":"(anonymous_61)","decl":{"start":{"line":1018,"column":19},"end":{"line":1018,"column":26}},"loc":{"start":{"line":1018,"column":53},"end":{"line":1037,"column":null}},"line":1018},"62":{"name":"(anonymous_62)","decl":{"start":{"line":1024,"column":25},"end":{"line":1024,"column":42}},"loc":{"start":{"line":1024,"column":42},"end":{"line":1027,"column":14}},"line":1024},"63":{"name":"(anonymous_63)","decl":{"start":{"line":1041,"column":15},"end":{"line":1041,"column":31}},"loc":{"start":{"line":1041,"column":31},"end":{"line":1041,"column":null}},"line":1041},"64":{"name":"(anonymous_64)","decl":{"start":{"line":1042,"column":15},"end":{"line":1042,"column":32}},"loc":{"start":{"line":1042,"column":32},"end":{"line":1042,"column":null}},"line":1042},"65":{"name":"(anonymous_65)","decl":{"start":{"line":1045,"column":13},"end":{"line":1045,"column":36}},"loc":{"start":{"line":1045,"column":47},"end":{"line":1047,"column":null}},"line":1045},"66":{"name":"(anonymous_66)","decl":{"start":{"line":1054,"column":8},"end":{"line":1054,"column":15}},"loc":{"start":{"line":1054,"column":25},"end":{"line":1057,"column":null}},"line":1054}},"branchMap":{"0":{"loc":{"start":{"line":35,"column":9},"end":{"line":35,"column":51}},"type":"binary-expr","locations":[{"start":{"line":35,"column":9},"end":{"line":35,"column":20}},{"start":{"line":35,"column":20},"end":{"line":35,"column":51}}],"line":35},"1":{"loc":{"start":{"line":52,"column":9},"end":{"line":52,"column":null}},"type":"cond-expr","locations":[{"start":{"line":52,"column":34},"end":{"line":52,"column":50}},{"start":{"line":52,"column":50},"end":{"line":52,"column":null}}],"line":52},"2":{"loc":{"start":{"line":57,"column":2},"end":{"line":58,"column":null}},"type":"if","locations":[{"start":{"line":57,"column":2},"end":{"line":58,"column":null}},{"start":{},"end":{}}],"line":57},"3":{"loc":{"start":{"line":57,"column":6},"end":{"line":57,"column":47}},"type":"binary-expr","locations":[{"start":{"line":57,"column":6},"end":{"line":57,"column":31}},{"start":{"line":57,"column":35},"end":{"line":57,"column":47}}],"line":57},"4":{"loc":{"start":{"line":65,"column":2},"end":{"line":65,"column":null}},"type":"binary-expr","locations":[{"start":{"line":65,"column":2},"end":{"line":65,"column":61}},{"start":{"line":65,"column":61},"end":{"line":65,"column":null}}],"line":65},"5":{"loc":{"start":{"line":79,"column":2},"end":{"line":80,"column":null}},"type":"if","locations":[{"start":{"line":79,"column":2},"end":{"line":80,"column":null}},{"start":{},"end":{}}],"line":79},"6":{"loc":{"start":{"line":113,"column":6},"end":{"line":115,"column":null}},"type":"if","locations":[{"start":{"line":113,"column":6},"end":{"line":115,"column":null}},{"start":{},"end":{}}],"line":113},"7":{"loc":{"start":{"line":113,"column":10},"end":{"line":113,"column":91}},"type":"binary-expr","locations":[{"start":{"line":113,"column":10},"end":{"line":113,"column":21}},{"start":{"line":113,"column":21},"end":{"line":113,"column":56}},{"start":{"line":113,"column":56},"end":{"line":113,"column":91}}],"line":113},"8":{"loc":{"start":{"line":134,"column":4},"end":{"line":140,"column":null}},"type":"if","locations":[{"start":{"line":134,"column":4},"end":{"line":140,"column":null}},{"start":{},"end":{}}],"line":134},"9":{"loc":{"start":{"line":146,"column":4},"end":{"line":152,"column":null}},"type":"if","locations":[{"start":{"line":146,"column":4},"end":{"line":152,"column":null}},{"start":{},"end":{}}],"line":146},"10":{"loc":{"start":{"line":147,"column":6},"end":{"line":152,"column":null}},"type":"if","locations":[{"start":{"line":147,"column":6},"end":{"line":152,"column":null}},{"start":{"line":151,"column":13},"end":{"line":152,"column":null}}],"line":147},"11":{"loc":{"start":{"line":156,"column":4},"end":{"line":166,"column":null}},"type":"if","locations":[{"start":{"line":156,"column":4},"end":{"line":166,"column":null}},{"start":{},"end":{}}],"line":156},"12":{"loc":{"start":{"line":157,"column":6},"end":{"line":160,"column":null}},"type":"binary-expr","locations":[{"start":{"line":157,"column":6},"end":{"line":157,"column":37}},{"start":{"line":158,"column":6},"end":{"line":158,"column":null}},{"start":{"line":159,"column":6},"end":{"line":159,"column":null}},{"start":{"line":160,"column":6},"end":{"line":160,"column":null}}],"line":157},"13":{"loc":{"start":{"line":163,"column":6},"end":{"line":166,"column":null}},"type":"if","locations":[{"start":{"line":163,"column":6},"end":{"line":166,"column":null}},{"start":{},"end":{}}],"line":163},"14":{"loc":{"start":{"line":163,"column":10},"end":{"line":163,"column":89}},"type":"binary-expr","locations":[{"start":{"line":163,"column":10},"end":{"line":163,"column":20}},{"start":{"line":163,"column":20},"end":{"line":163,"column":53}},{"start":{"line":163,"column":53},"end":{"line":163,"column":89}}],"line":163},"15":{"loc":{"start":{"line":210,"column":4},"end":{"line":210,"column":null}},"type":"if","locations":[{"start":{"line":210,"column":4},"end":{"line":210,"column":null}},{"start":{},"end":{}}],"line":210},"16":{"loc":{"start":{"line":231,"column":4},"end":{"line":234,"column":null}},"type":"if","locations":[{"start":{"line":231,"column":4},"end":{"line":234,"column":null}},{"start":{},"end":{}}],"line":231},"17":{"loc":{"start":{"line":237,"column":4},"end":{"line":240,"column":null}},"type":"if","locations":[{"start":{"line":237,"column":4},"end":{"line":240,"column":null}},{"start":{},"end":{}}],"line":237},"18":{"loc":{"start":{"line":251,"column":4},"end":{"line":252,"column":null}},"type":"if","locations":[{"start":{"line":251,"column":4},"end":{"line":252,"column":null}},{"start":{},"end":{}}],"line":251},"19":{"loc":{"start":{"line":255,"column":4},"end":{"line":258,"column":null}},"type":"if","locations":[{"start":{"line":255,"column":4},"end":{"line":258,"column":null}},{"start":{},"end":{}}],"line":255},"20":{"loc":{"start":{"line":273,"column":4},"end":{"line":276,"column":null}},"type":"if","locations":[{"start":{"line":273,"column":4},"end":{"line":276,"column":null}},{"start":{},"end":{}}],"line":273},"21":{"loc":{"start":{"line":279,"column":4},"end":{"line":282,"column":null}},"type":"if","locations":[{"start":{"line":279,"column":4},"end":{"line":282,"column":null}},{"start":{},"end":{}}],"line":279},"22":{"loc":{"start":{"line":285,"column":4},"end":{"line":288,"column":null}},"type":"if","locations":[{"start":{"line":285,"column":4},"end":{"line":288,"column":null}},{"start":{},"end":{}}],"line":285},"23":{"loc":{"start":{"line":285,"column":8},"end":{"line":285,"column":72}},"type":"binary-expr","locations":[{"start":{"line":285,"column":8},"end":{"line":285,"column":40}},{"start":{"line":285,"column":40},"end":{"line":285,"column":72}}],"line":285},"24":{"loc":{"start":{"line":311,"column":4},"end":{"line":313,"column":null}},"type":"if","locations":[{"start":{"line":311,"column":4},"end":{"line":313,"column":null}},{"start":{},"end":{}}],"line":311},"25":{"loc":{"start":{"line":316,"column":4},"end":{"line":318,"column":null}},"type":"if","locations":[{"start":{"line":316,"column":4},"end":{"line":318,"column":null}},{"start":{},"end":{}}],"line":316},"26":{"loc":{"start":{"line":321,"column":4},"end":{"line":323,"column":null}},"type":"if","locations":[{"start":{"line":321,"column":4},"end":{"line":323,"column":null}},{"start":{},"end":{}}],"line":321},"27":{"loc":{"start":{"line":321,"column":8},"end":{"line":321,"column":58}},"type":"binary-expr","locations":[{"start":{"line":321,"column":8},"end":{"line":321,"column":33}},{"start":{"line":321,"column":33},"end":{"line":321,"column":58}}],"line":321},"28":{"loc":{"start":{"line":328,"column":21},"end":{"line":330,"column":68}},"type":"cond-expr","locations":[{"start":{"line":329,"column":10},"end":{"line":329,"column":105}},{"start":{"line":330,"column":10},"end":{"line":330,"column":68}}],"line":328},"29":{"loc":{"start":{"line":351,"column":4},"end":{"line":352,"column":null}},"type":"if","locations":[{"start":{"line":351,"column":4},"end":{"line":352,"column":null}},{"start":{},"end":{}}],"line":351},"30":{"loc":{"start":{"line":359,"column":4},"end":{"line":366,"column":null}},"type":"if","locations":[{"start":{"line":359,"column":4},"end":{"line":366,"column":null}},{"start":{},"end":{}}],"line":359},"31":{"loc":{"start":{"line":359,"column":8},"end":{"line":359,"column":33}},"type":"binary-expr","locations":[{"start":{"line":359,"column":8},"end":{"line":359,"column":18}},{"start":{"line":359,"column":18},"end":{"line":359,"column":33}}],"line":359},"32":{"loc":{"start":{"line":361,"column":6},"end":{"line":363,"column":null}},"type":"if","locations":[{"start":{"line":361,"column":6},"end":{"line":363,"column":null}},{"start":{},"end":{}}],"line":361},"33":{"loc":{"start":{"line":361,"column":10},"end":{"line":361,"column":61}},"type":"binary-expr","locations":[{"start":{"line":361,"column":10},"end":{"line":361,"column":18}},{"start":{"line":361,"column":18},"end":{"line":361,"column":61}}],"line":361},"34":{"loc":{"start":{"line":365,"column":6},"end":{"line":365,"column":null}},"type":"if","locations":[{"start":{"line":365,"column":6},"end":{"line":365,"column":null}},{"start":{},"end":{}}],"line":365},"35":{"loc":{"start":{"line":378,"column":4},"end":{"line":378,"column":null}},"type":"if","locations":[{"start":{"line":378,"column":4},"end":{"line":378,"column":null}},{"start":{},"end":{}}],"line":378},"36":{"loc":{"start":{"line":384,"column":4},"end":{"line":385,"column":null}},"type":"if","locations":[{"start":{"line":384,"column":4},"end":{"line":385,"column":null}},{"start":{},"end":{}}],"line":384},"37":{"loc":{"start":{"line":389,"column":4},"end":{"line":391,"column":null}},"type":"if","locations":[{"start":{"line":389,"column":4},"end":{"line":391,"column":null}},{"start":{},"end":{}}],"line":389},"38":{"loc":{"start":{"line":415,"column":4},"end":{"line":416,"column":null}},"type":"if","locations":[{"start":{"line":415,"column":4},"end":{"line":416,"column":null}},{"start":{},"end":{}}],"line":415},"39":{"loc":{"start":{"line":420,"column":4},"end":{"line":422,"column":null}},"type":"if","locations":[{"start":{"line":420,"column":4},"end":{"line":422,"column":null}},{"start":{},"end":{}}],"line":420},"40":{"loc":{"start":{"line":420,"column":8},"end":{"line":420,"column":56}},"type":"binary-expr","locations":[{"start":{"line":420,"column":8},"end":{"line":420,"column":24}},{"start":{"line":420,"column":24},"end":{"line":420,"column":56}}],"line":420},"41":{"loc":{"start":{"line":427,"column":6},"end":{"line":430,"column":null}},"type":"if","locations":[{"start":{"line":427,"column":6},"end":{"line":430,"column":null}},{"start":{},"end":{}}],"line":427},"42":{"loc":{"start":{"line":436,"column":6},"end":{"line":438,"column":null}},"type":"if","locations":[{"start":{"line":436,"column":6},"end":{"line":438,"column":null}},{"start":{},"end":{}}],"line":436},"43":{"loc":{"start":{"line":452,"column":6},"end":{"line":455,"column":null}},"type":"if","locations":[{"start":{"line":452,"column":6},"end":{"line":455,"column":null}},{"start":{"line":454,"column":13},"end":{"line":455,"column":null}}],"line":452},"44":{"loc":{"start":{"line":452,"column":10},"end":{"line":452,"column":85}},"type":"binary-expr","locations":[{"start":{"line":452,"column":10},"end":{"line":452,"column":53}},{"start":{"line":452,"column":57},"end":{"line":452,"column":85}}],"line":452},"45":{"loc":{"start":{"line":463,"column":4},"end":{"line":464,"column":null}},"type":"if","locations":[{"start":{"line":463,"column":4},"end":{"line":464,"column":null}},{"start":{},"end":{}}],"line":463},"46":{"loc":{"start":{"line":478,"column":4},"end":{"line":479,"column":null}},"type":"if","locations":[{"start":{"line":478,"column":4},"end":{"line":479,"column":null}},{"start":{},"end":{}}],"line":478},"47":{"loc":{"start":{"line":484,"column":4},"end":{"line":491,"column":null}},"type":"if","locations":[{"start":{"line":484,"column":4},"end":{"line":491,"column":null}},{"start":{},"end":{}}],"line":484},"48":{"loc":{"start":{"line":484,"column":8},"end":{"line":484,"column":33}},"type":"binary-expr","locations":[{"start":{"line":484,"column":8},"end":{"line":484,"column":18}},{"start":{"line":484,"column":18},"end":{"line":484,"column":33}}],"line":484},"49":{"loc":{"start":{"line":486,"column":6},"end":{"line":488,"column":null}},"type":"if","locations":[{"start":{"line":486,"column":6},"end":{"line":488,"column":null}},{"start":{},"end":{}}],"line":486},"50":{"loc":{"start":{"line":486,"column":10},"end":{"line":486,"column":61}},"type":"binary-expr","locations":[{"start":{"line":486,"column":10},"end":{"line":486,"column":18}},{"start":{"line":486,"column":18},"end":{"line":486,"column":61}}],"line":486},"51":{"loc":{"start":{"line":490,"column":6},"end":{"line":490,"column":null}},"type":"if","locations":[{"start":{"line":490,"column":6},"end":{"line":490,"column":null}},{"start":{},"end":{}}],"line":490},"52":{"loc":{"start":{"line":503,"column":4},"end":{"line":503,"column":null}},"type":"if","locations":[{"start":{"line":503,"column":4},"end":{"line":503,"column":null}},{"start":{},"end":{}}],"line":503},"53":{"loc":{"start":{"line":509,"column":4},"end":{"line":510,"column":null}},"type":"if","locations":[{"start":{"line":509,"column":4},"end":{"line":510,"column":null}},{"start":{},"end":{}}],"line":509},"54":{"loc":{"start":{"line":514,"column":20},"end":{"line":514,"column":null}},"type":"binary-expr","locations":[{"start":{"line":514,"column":20},"end":{"line":514,"column":40}},{"start":{"line":514,"column":44},"end":{"line":514,"column":null}}],"line":514},"55":{"loc":{"start":{"line":515,"column":20},"end":{"line":520,"column":10}},"type":"cond-expr","locations":[{"start":{"line":516,"column":8},"end":{"line":519,"column":43}},{"start":{"line":520,"column":8},"end":{"line":520,"column":10}}],"line":515},"56":{"loc":{"start":{"line":517,"column":61},"end":{"line":517,"column":142}},"type":"binary-expr","locations":[{"start":{"line":517,"column":61},"end":{"line":517,"column":84}},{"start":{"line":517,"column":89},"end":{"line":517,"column":114}},{"start":{"line":517,"column":114},"end":{"line":517,"column":142}}],"line":517},"57":{"loc":{"start":{"line":522,"column":4},"end":{"line":524,"column":null}},"type":"if","locations":[{"start":{"line":522,"column":4},"end":{"line":524,"column":null}},{"start":{},"end":{}}],"line":522},"58":{"loc":{"start":{"line":546,"column":4},"end":{"line":547,"column":null}},"type":"if","locations":[{"start":{"line":546,"column":4},"end":{"line":547,"column":null}},{"start":{},"end":{}}],"line":546},"59":{"loc":{"start":{"line":554,"column":4},"end":{"line":556,"column":null}},"type":"if","locations":[{"start":{"line":554,"column":4},"end":{"line":556,"column":null}},{"start":{},"end":{}}],"line":554},"60":{"loc":{"start":{"line":554,"column":8},"end":{"line":554,"column":95}},"type":"binary-expr","locations":[{"start":{"line":554,"column":8},"end":{"line":554,"column":43}},{"start":{"line":554,"column":47},"end":{"line":554,"column":71}},{"start":{"line":554,"column":71},"end":{"line":554,"column":95}}],"line":554},"61":{"loc":{"start":{"line":559,"column":4},"end":{"line":561,"column":null}},"type":"if","locations":[{"start":{"line":559,"column":4},"end":{"line":561,"column":null}},{"start":{},"end":{}}],"line":559},"62":{"loc":{"start":{"line":559,"column":8},"end":{"line":559,"column":95}},"type":"binary-expr","locations":[{"start":{"line":559,"column":8},"end":{"line":559,"column":43}},{"start":{"line":559,"column":47},"end":{"line":559,"column":71}},{"start":{"line":559,"column":71},"end":{"line":559,"column":95}}],"line":559},"63":{"loc":{"start":{"line":571,"column":4},"end":{"line":572,"column":null}},"type":"if","locations":[{"start":{"line":571,"column":4},"end":{"line":572,"column":null}},{"start":{},"end":{}}],"line":571},"64":{"loc":{"start":{"line":582,"column":4},"end":{"line":584,"column":null}},"type":"if","locations":[{"start":{"line":582,"column":4},"end":{"line":584,"column":null}},{"start":{},"end":{}}],"line":582},"65":{"loc":{"start":{"line":582,"column":8},"end":{"line":582,"column":32}},"type":"binary-expr","locations":[{"start":{"line":582,"column":8},"end":{"line":582,"column":17}},{"start":{"line":582,"column":17},"end":{"line":582,"column":32}}],"line":582},"66":{"loc":{"start":{"line":597,"column":4},"end":{"line":598,"column":null}},"type":"if","locations":[{"start":{"line":597,"column":4},"end":{"line":598,"column":null}},{"start":{},"end":{}}],"line":597},"67":{"loc":{"start":{"line":603,"column":4},"end":{"line":605,"column":null}},"type":"if","locations":[{"start":{"line":603,"column":4},"end":{"line":605,"column":null}},{"start":{},"end":{}}],"line":603},"68":{"loc":{"start":{"line":603,"column":8},"end":{"line":603,"column":43}},"type":"binary-expr","locations":[{"start":{"line":603,"column":8},"end":{"line":603,"column":23}},{"start":{"line":603,"column":23},"end":{"line":603,"column":43}}],"line":603},"69":{"loc":{"start":{"line":608,"column":4},"end":{"line":610,"column":null}},"type":"if","locations":[{"start":{"line":608,"column":4},"end":{"line":610,"column":null}},{"start":{},"end":{}}],"line":608},"70":{"loc":{"start":{"line":613,"column":23},"end":{"line":621,"column":10}},"type":"cond-expr","locations":[{"start":{"line":614,"column":8},"end":{"line":620,"column":84}},{"start":{"line":621,"column":8},"end":{"line":621,"column":10}}],"line":613},"71":{"loc":{"start":{"line":616,"column":21},"end":{"line":616,"column":null}},"type":"binary-expr","locations":[{"start":{"line":616,"column":21},"end":{"line":616,"column":40}},{"start":{"line":616,"column":44},"end":{"line":616,"column":null}}],"line":616},"72":{"loc":{"start":{"line":617,"column":19},"end":{"line":617,"column":null}},"type":"binary-expr","locations":[{"start":{"line":617,"column":19},"end":{"line":617,"column":32}},{"start":{"line":617,"column":32},"end":{"line":617,"column":null}}],"line":617},"73":{"loc":{"start":{"line":618,"column":20},"end":{"line":618,"column":null}},"type":"binary-expr","locations":[{"start":{"line":618,"column":20},"end":{"line":618,"column":34}},{"start":{"line":618,"column":34},"end":{"line":618,"column":null}}],"line":618},"74":{"loc":{"start":{"line":620,"column":27},"end":{"line":620,"column":84}},"type":"binary-expr","locations":[{"start":{"line":620,"column":27},"end":{"line":620,"column":42}},{"start":{"line":620,"column":42},"end":{"line":620,"column":64}},{"start":{"line":620,"column":64},"end":{"line":620,"column":84}}],"line":620},"75":{"loc":{"start":{"line":623,"column":4},"end":{"line":625,"column":null}},"type":"if","locations":[{"start":{"line":623,"column":4},"end":{"line":625,"column":null}},{"start":{},"end":{}}],"line":623},"76":{"loc":{"start":{"line":628,"column":4},"end":{"line":630,"column":null}},"type":"if","locations":[{"start":{"line":628,"column":4},"end":{"line":630,"column":null}},{"start":{},"end":{}}],"line":628},"77":{"loc":{"start":{"line":633,"column":20},"end":{"line":635,"column":10}},"type":"cond-expr","locations":[{"start":{"line":634,"column":8},"end":{"line":634,"column":67}},{"start":{"line":635,"column":8},"end":{"line":635,"column":10}}],"line":633},"78":{"loc":{"start":{"line":655,"column":4},"end":{"line":656,"column":null}},"type":"if","locations":[{"start":{"line":655,"column":4},"end":{"line":656,"column":null}},{"start":{},"end":{}}],"line":655},"79":{"loc":{"start":{"line":662,"column":4},"end":{"line":664,"column":null}},"type":"if","locations":[{"start":{"line":662,"column":4},"end":{"line":664,"column":null}},{"start":{},"end":{}}],"line":662},"80":{"loc":{"start":{"line":662,"column":8},"end":{"line":662,"column":43}},"type":"binary-expr","locations":[{"start":{"line":662,"column":8},"end":{"line":662,"column":23}},{"start":{"line":662,"column":23},"end":{"line":662,"column":43}}],"line":662},"81":{"loc":{"start":{"line":667,"column":4},"end":{"line":669,"column":null}},"type":"if","locations":[{"start":{"line":667,"column":4},"end":{"line":669,"column":null}},{"start":{},"end":{}}],"line":667},"82":{"loc":{"start":{"line":672,"column":23},"end":{"line":680,"column":10}},"type":"cond-expr","locations":[{"start":{"line":673,"column":8},"end":{"line":679,"column":84}},{"start":{"line":680,"column":8},"end":{"line":680,"column":10}}],"line":672},"83":{"loc":{"start":{"line":675,"column":21},"end":{"line":675,"column":null}},"type":"binary-expr","locations":[{"start":{"line":675,"column":21},"end":{"line":675,"column":40}},{"start":{"line":675,"column":44},"end":{"line":675,"column":null}}],"line":675},"84":{"loc":{"start":{"line":676,"column":19},"end":{"line":676,"column":null}},"type":"binary-expr","locations":[{"start":{"line":676,"column":19},"end":{"line":676,"column":32}},{"start":{"line":676,"column":32},"end":{"line":676,"column":null}}],"line":676},"85":{"loc":{"start":{"line":677,"column":20},"end":{"line":677,"column":null}},"type":"binary-expr","locations":[{"start":{"line":677,"column":20},"end":{"line":677,"column":34}},{"start":{"line":677,"column":34},"end":{"line":677,"column":null}}],"line":677},"86":{"loc":{"start":{"line":679,"column":27},"end":{"line":679,"column":84}},"type":"binary-expr","locations":[{"start":{"line":679,"column":27},"end":{"line":679,"column":42}},{"start":{"line":679,"column":42},"end":{"line":679,"column":64}},{"start":{"line":679,"column":64},"end":{"line":679,"column":84}}],"line":679},"87":{"loc":{"start":{"line":682,"column":4},"end":{"line":684,"column":null}},"type":"if","locations":[{"start":{"line":682,"column":4},"end":{"line":684,"column":null}},{"start":{},"end":{}}],"line":682},"88":{"loc":{"start":{"line":687,"column":4},"end":{"line":689,"column":null}},"type":"if","locations":[{"start":{"line":687,"column":4},"end":{"line":689,"column":null}},{"start":{},"end":{}}],"line":687},"89":{"loc":{"start":{"line":692,"column":20},"end":{"line":694,"column":10}},"type":"cond-expr","locations":[{"start":{"line":693,"column":8},"end":{"line":693,"column":67}},{"start":{"line":694,"column":8},"end":{"line":694,"column":10}}],"line":692},"90":{"loc":{"start":{"line":707,"column":17},"end":{"line":707,"column":78}},"type":"cond-expr","locations":[{"start":{"line":707,"column":68},"end":{"line":707,"column":74}},{"start":{"line":707,"column":74},"end":{"line":707,"column":78}}],"line":707},"91":{"loc":{"start":{"line":714,"column":4},"end":{"line":715,"column":null}},"type":"if","locations":[{"start":{"line":714,"column":4},"end":{"line":715,"column":null}},{"start":{},"end":{}}],"line":714},"92":{"loc":{"start":{"line":719,"column":4},"end":{"line":721,"column":null}},"type":"if","locations":[{"start":{"line":719,"column":4},"end":{"line":721,"column":null}},{"start":{},"end":{}}],"line":719},"93":{"loc":{"start":{"line":743,"column":4},"end":{"line":744,"column":null}},"type":"if","locations":[{"start":{"line":743,"column":4},"end":{"line":744,"column":null}},{"start":{},"end":{}}],"line":743},"94":{"loc":{"start":{"line":754,"column":4},"end":{"line":755,"column":null}},"type":"if","locations":[{"start":{"line":754,"column":4},"end":{"line":755,"column":null}},{"start":{},"end":{}}],"line":754},"95":{"loc":{"start":{"line":760,"column":4},"end":{"line":761,"column":null}},"type":"if","locations":[{"start":{"line":760,"column":4},"end":{"line":761,"column":null}},{"start":{},"end":{}}],"line":760},"96":{"loc":{"start":{"line":764,"column":4},"end":{"line":765,"column":null}},"type":"if","locations":[{"start":{"line":764,"column":4},"end":{"line":765,"column":null}},{"start":{},"end":{}}],"line":764},"97":{"loc":{"start":{"line":764,"column":8},"end":{"line":764,"column":56}},"type":"binary-expr","locations":[{"start":{"line":764,"column":8},"end":{"line":764,"column":31}},{"start":{"line":764,"column":35},"end":{"line":764,"column":56}}],"line":764},"98":{"loc":{"start":{"line":768,"column":4},"end":{"line":769,"column":null}},"type":"if","locations":[{"start":{"line":768,"column":4},"end":{"line":769,"column":null}},{"start":{},"end":{}}],"line":768},"99":{"loc":{"start":{"line":778,"column":4},"end":{"line":779,"column":null}},"type":"if","locations":[{"start":{"line":778,"column":4},"end":{"line":779,"column":null}},{"start":{},"end":{}}],"line":778},"100":{"loc":{"start":{"line":783,"column":4},"end":{"line":785,"column":null}},"type":"if","locations":[{"start":{"line":783,"column":4},"end":{"line":785,"column":null}},{"start":{},"end":{}}],"line":783},"101":{"loc":{"start":{"line":789,"column":58},"end":{"line":789,"column":91}},"type":"binary-expr","locations":[{"start":{"line":789,"column":58},"end":{"line":789,"column":75}},{"start":{"line":789,"column":75},"end":{"line":789,"column":91}}],"line":789},"102":{"loc":{"start":{"line":799,"column":4},"end":{"line":800,"column":null}},"type":"if","locations":[{"start":{"line":799,"column":4},"end":{"line":800,"column":null}},{"start":{},"end":{}}],"line":799},"103":{"loc":{"start":{"line":807,"column":8},"end":{"line":807,"column":null}},"type":"binary-expr","locations":[{"start":{"line":807,"column":8},"end":{"line":807,"column":22}},{"start":{"line":807,"column":22},"end":{"line":807,"column":null}}],"line":807},"104":{"loc":{"start":{"line":808,"column":8},"end":{"line":808,"column":null}},"type":"binary-expr","locations":[{"start":{"line":808,"column":8},"end":{"line":808,"column":21}},{"start":{"line":808,"column":21},"end":{"line":808,"column":null}}],"line":808},"105":{"loc":{"start":{"line":820,"column":4},"end":{"line":821,"column":null}},"type":"if","locations":[{"start":{"line":820,"column":4},"end":{"line":821,"column":null}},{"start":{},"end":{}}],"line":820},"106":{"loc":{"start":{"line":835,"column":4},"end":{"line":836,"column":null}},"type":"if","locations":[{"start":{"line":835,"column":4},"end":{"line":836,"column":null}},{"start":{},"end":{}}],"line":835},"107":{"loc":{"start":{"line":844,"column":15},"end":{"line":844,"column":null}},"type":"binary-expr","locations":[{"start":{"line":844,"column":15},"end":{"line":844,"column":29}},{"start":{"line":844,"column":29},"end":{"line":844,"column":null}}],"line":844},"108":{"loc":{"start":{"line":845,"column":14},"end":{"line":845,"column":null}},"type":"binary-expr","locations":[{"start":{"line":845,"column":14},"end":{"line":845,"column":27}},{"start":{"line":845,"column":27},"end":{"line":845,"column":null}}],"line":845},"109":{"loc":{"start":{"line":846,"column":25},"end":{"line":846,"column":null}},"type":"cond-expr","locations":[{"start":{"line":846,"column":62},"end":{"line":846,"column":74}},{"start":{"line":846,"column":74},"end":{"line":846,"column":null}}],"line":846},"110":{"loc":{"start":{"line":857,"column":4},"end":{"line":858,"column":null}},"type":"if","locations":[{"start":{"line":857,"column":4},"end":{"line":858,"column":null}},{"start":{},"end":{}}],"line":857},"111":{"loc":{"start":{"line":862,"column":4},"end":{"line":863,"column":null}},"type":"if","locations":[{"start":{"line":862,"column":4},"end":{"line":863,"column":null}},{"start":{},"end":{}}],"line":862},"112":{"loc":{"start":{"line":866,"column":4},"end":{"line":868,"column":null}},"type":"if","locations":[{"start":{"line":866,"column":4},"end":{"line":868,"column":null}},{"start":{},"end":{}}],"line":866},"113":{"loc":{"start":{"line":866,"column":8},"end":{"line":866,"column":59}},"type":"binary-expr","locations":[{"start":{"line":866,"column":8},"end":{"line":866,"column":32}},{"start":{"line":866,"column":36},"end":{"line":866,"column":59}}],"line":866},"114":{"loc":{"start":{"line":876,"column":4},"end":{"line":877,"column":null}},"type":"if","locations":[{"start":{"line":876,"column":4},"end":{"line":877,"column":null}},{"start":{},"end":{}}],"line":876},"115":{"loc":{"start":{"line":892,"column":4},"end":{"line":893,"column":null}},"type":"if","locations":[{"start":{"line":892,"column":4},"end":{"line":893,"column":null}},{"start":{},"end":{}}],"line":892},"116":{"loc":{"start":{"line":907,"column":4},"end":{"line":908,"column":null}},"type":"if","locations":[{"start":{"line":907,"column":4},"end":{"line":908,"column":null}},{"start":{},"end":{}}],"line":907},"117":{"loc":{"start":{"line":914,"column":59},"end":{"line":914,"column":76}},"type":"binary-expr","locations":[{"start":{"line":914,"column":59},"end":{"line":914,"column":72}},{"start":{"line":914,"column":72},"end":{"line":914,"column":76}}],"line":914},"118":{"loc":{"start":{"line":914,"column":76},"end":{"line":914,"column":94}},"type":"binary-expr","locations":[{"start":{"line":914,"column":76},"end":{"line":914,"column":90}},{"start":{"line":914,"column":90},"end":{"line":914,"column":94}}],"line":914},"119":{"loc":{"start":{"line":924,"column":4},"end":{"line":925,"column":null}},"type":"if","locations":[{"start":{"line":924,"column":4},"end":{"line":925,"column":null}},{"start":{},"end":{}}],"line":924},"120":{"loc":{"start":{"line":933,"column":14},"end":{"line":933,"column":null}},"type":"binary-expr","locations":[{"start":{"line":933,"column":14},"end":{"line":933,"column":27}},{"start":{"line":933,"column":27},"end":{"line":933,"column":null}}],"line":933},"121":{"loc":{"start":{"line":934,"column":15},"end":{"line":934,"column":null}},"type":"binary-expr","locations":[{"start":{"line":934,"column":15},"end":{"line":934,"column":29}},{"start":{"line":934,"column":29},"end":{"line":934,"column":null}}],"line":934},"122":{"loc":{"start":{"line":945,"column":4},"end":{"line":946,"column":null}},"type":"if","locations":[{"start":{"line":945,"column":4},"end":{"line":946,"column":null}},{"start":{},"end":{}}],"line":945},"123":{"loc":{"start":{"line":950,"column":4},"end":{"line":952,"column":null}},"type":"if","locations":[{"start":{"line":950,"column":4},"end":{"line":952,"column":null}},{"start":{},"end":{}}],"line":950},"124":{"loc":{"start":{"line":950,"column":8},"end":{"line":950,"column":59}},"type":"binary-expr","locations":[{"start":{"line":950,"column":8},"end":{"line":950,"column":32}},{"start":{"line":950,"column":36},"end":{"line":950,"column":59}}],"line":950},"125":{"loc":{"start":{"line":965,"column":4},"end":{"line":966,"column":null}},"type":"if","locations":[{"start":{"line":965,"column":4},"end":{"line":966,"column":null}},{"start":{},"end":{}}],"line":965},"126":{"loc":{"start":{"line":980,"column":2},"end":{"line":991,"column":null}},"type":"if","locations":[{"start":{"line":980,"column":2},"end":{"line":991,"column":null}},{"start":{},"end":{}}],"line":980},"127":{"loc":{"start":{"line":985,"column":8},"end":{"line":988,"column":null}},"type":"if","locations":[{"start":{"line":985,"column":8},"end":{"line":988,"column":null}},{"start":{"line":987,"column":15},"end":{"line":988,"column":null}}],"line":985},"128":{"loc":{"start":{"line":995,"column":4},"end":{"line":997,"column":null}},"type":"if","locations":[{"start":{"line":995,"column":4},"end":{"line":997,"column":null}},{"start":{},"end":{}}],"line":995},"129":{"loc":{"start":{"line":1000,"column":4},"end":{"line":1001,"column":null}},"type":"if","locations":[{"start":{"line":1000,"column":4},"end":{"line":1001,"column":null}},{"start":{},"end":{}}],"lin
[...]
16:2:165:Infinity":18,"s:117:22:117:Infinity":19,"s:118:27:118:67":20,"s:119:22:119:Infinity":21,"b:119:22:119:40:119:40:119:Infinity":5,"s:120:23:120:Infinity":22,"b:120:23:120:59:120:64:120:Infinity":6,"b:120:76:120:112:120:115:120:Infinity":7,"s:121:21:121:Infinity":23,"b:121:34:121:56:121:59:121:Infinity":8,"b:123:4:133:Infinity:undefined:undefined:undefined:undefined":9,"s:123:4:133:Infinity":24,"s:124:6:128:Infinity":25,"f:127:40:127:48":8,"s:127:56:127:Infinity":26,"b:127:56:127:71:127:71:127:93:127:93:127:Infinity":10,"s:129:6:129:Infinity":27,"b:130:6:131:Infinity:undefined:undefined:undefined:undefined":11,"s:130:6:131:Infinity":28,"s:131:8:131:Infinity":29,"s:133:6:133:Infinity":30,"s:136:4:136:Infinity":31,"b:137:4:138:Infinity:undefined:undefined:undefined:undefined":12,"s:137:4:138:Infinity":32,"s:138:6:138:Infinity":33,"b:141:4:142:Infinity:undefined:undefined:undefined:undefined":13,"s:141:4:142:Infinity":34,"s:142:6:142:Infinity":35,"s:145:23:145:86":36,"f:145:48:145:53":9,"s:145:64:145:84":37,"s:146:4:150:Infinity":38,"s:147:25:147:45":39,"b:148:6:150:Infinity:undefined:undefined:undefined:undefined":14,"s:148:6:150:Infinity":40,"s:149:8:149:Infinity":41,"s:150:8:150:Infinity":42,"s:154:26:155:Infinity":43,"f:155:26:155:31":10,"s:155:39:155:109":44,"b:155:71:155:84:155:84:155:87":15,"b:155:90:155:104:155:104:155:109":16,"s:157:4:165:Infinity":45,"b:158:6:159:Infinity:undefined:undefined:undefined:undefined":17,"s:158:6:159:Infinity":46,"b:158:10:158:26:158:26:158:48:158:48:158:69":18,"s:159:8:159:Infinity":47,"s:162:21:162:Infinity":48,"b:162:53:162:66:162:66:162:69":19,"b:162:72:162:86:162:86:162:Infinity":20,"b:163:6:165:Infinity:undefined:undefined:undefined:undefined":21,"s:163:6:165:Infinity":49,"s:164:8:164:Infinity":50,"s:165:8:165:Infinity":51,"s:170:2:170:Infinity":52,"f:173:9:173:38":11,"b:174:2:175:Infinity:undefined:undefined:undefined:undefined":22,"s:174:2:175:Infinity":53,"s:175:4:175:Infinity":54,"s:178:29:178:70":55,"b:179:2:180:Infinity:undefined:undefined:undefined:undefined":23,"s:179:2:180:Infinity":56,"s:180:4:180:Infinity":57,"s:183:2:183:Infinity":58,"f:186:9:186:37":12,"s:187:27:187:54":59,"s:188:46:188:48":60,"s:189:27:189:44":61,"s:191:2:194:Infinity":62,"s:192:22:192:62":63,"b:193:4:194:Infinity:undefined:undefined:undefined:undefined":24,"s:193:4:194:Infinity":64,"b:193:8:193:21:193:21:193:53":25,"s:194:6:194:Infinity":65,"s:198:2:215:Infinity":66,"s:199:22:199:70":67,"b:200:4:201:Infinity:undefined:undefined:undefined:undefined":26,"s:200:4:201:Infinity":68,"s:201:6:201:Infinity":69,"s:204:29:204:60":70,"b:205:4:206:Infinity:undefined:undefined:undefined:undefined":27,"s:205:4:206:Infinity":71,"s:206:6:206:Infinity":72,"s:209:24:209:Infinity":73,"b:210:4:211:Infinity:undefined:undefined:undefined:undefined":28,"s:210:4:211:Infinity":74,"s:211:6:211:Infinity":75,"s:214:4:214:Infinity":76,"s:215:4:215:Infinity":77,"s:218:2:218:Infinity":78,"f:221:9:221:44":13,"s:222:18:225:Infinity":79,"f:224:5:224:10":14,"s:225:6:225:Infinity":80,"s:228:25:228:Infinity":81,"s:229:17:229:Infinity":82,"b:229:38:229:116:229:116:229:Infinity":29,"b:229:96:229:101:229:101:229:105":30,"s:231:2:231:Infinity":83,"f:234:9:234:35":15,"s:235:26:235:128":84,"f:235:52:235:57":16,"s:235:70:235:110":85,"s:236:26:236:146":86,"f:236:52:236:57":17,"s:236:70:236:145":87,"s:237:40:237:42":88,"s:238:25:238:Infinity":89,"s:240:2:253:Infinity":90,"s:241:22:241:62":91,"s:242:22:242:Infinity":92,"b:244:4:246:Infinity:undefined:undefined:undefined:undefined":31,"s:244:4:246:Infinity":93,"b:244:9:244:22:244:22:244:52:244:57:244:87":32,"s:245:6:245:Infinity":94,"s:246:6:246:Infinity":95,"s:249:4:249:Infinity":96,"b:250:4:251:Infinity:undefined:undefined:undefined:undefined":33,"s:250:4:251:Infinity":97,"s:251:6:251:Infinity":98,"s:253:4:253:Infinity":99,"s:256:2:260:Infinity":100,"f:263:9:263:24":18,"b:264:2:265:Infinity:undefined:undefined:undefined:undefined":34,"s:264:2:265:Infinity":101,"s:265:4:265:Infinity":102,"s:268:18:268:61":103,"b:268:18:268:55:268:59:268:61":35,"s:269:2:283:Infinity":104,"f:270:5:270:10":19,"s:270:20:270:54":105,"f:272:5:272:10":20,"s:273:29:273:47":106,"b:274:6:275:Infinity:undefined:undefined:undefined:undefined":36,"s:274:6:275:Infinity":107,"s:275:8:275:Infinity":108,"s:278:6:281:Infinity":109,"f:283:5:283:13":21,"s:283:23:283:35":110,"f:286:9:286:26":22,"b:286:45:286:48":37,"b:286:59:286:107":38,"s:287:23:287:77":111,"b:287:49:287:69:287:73:287:76":39,"s:288:21:288:Infinity":112,"s:289:21:289:70":113,"s:290:22:290:78":114,"b:290:43:290:59:290:63:290:65":40,"s:291:8:291:Infinity":115,"s:293:2:301:Infinity":116,"f:304:9:304:31":23,"s:305:27:317:Infinity":117,"f:312:27:312:36":24,"s:312:44:316:Infinity":118,"b:314:27:314:32:314:32:314:49":41,"b:315:28:315:33:315:33:315:Infinity":42,"s:319:2:319:Infinity":119,"f:319:26:319:32":25,"s:319:42:319:77":120,"f:322:9:322:30":26,"b:323:2:324:Infinity:undefined:undefined:undefined:undefined":43,"s:323:2:324:Infinity":121,"s:324:4:324:Infinity":122,"b:327:2:328:Infinity:undefined:undefined:undefined:undefined":44,"s:327:2:328:Infinity":123,"s:328:4:328:Infinity":124,"b:331:2:332:Infinity:undefined:undefined:undefined:undefined":45,"s:331:2:332:Infinity":125,"s:332:4:332:Infinity":126,"b:335:2:336:Infinity:undefined:undefined:undefined:undefined":46,"s:335:2:336:Infinity":127,"s:336:4:336:Infinity":128,"b:339:2:340:Infinity:undefined:undefined:undefined:undefined":47,"s:339:2:340:Infinity":129,"s:340:4:340:Infinity":130,"b:340:11:340:65:340:69:340:124":48,"b:343:2:344:Infinity:undefined:undefined:undefined:undefined":49,"s:343:2:344:Infinity":131,"s:344:4:344:Infinity":132,"f:344:28:344:34":27,"s:344:45:344:87":133,"b:347:2:348:Infinity:undefined:undefined:undefined:undefined":50,"s:347:2:348:Infinity":134,"s:348:4:348:Infinity":135,"f:348:31:348:37":28,"s:348:45:348:92":136,"b:351:2:352:Infinity:undefined:undefined:undefined:undefined":51,"s:351:2:352:Infinity":137,"s:352:4:352:Infinity":138,"f:352:31:352:37":29,"s:352:45:352:104":139,"b:352:52:352:65:352:65:352:68":52,"b:355:2:356:Infinity:undefined:undefined:undefined:undefined":53,"s:355:2:356:Infinity":140,"s:356:4:356:Infinity":141,"f:356:31:356:37":30,"s:356:45:356:105":142,"b:356:52:356:66:356:66:356:69":54,"b:359:2:362:Infinity:undefined:undefined:undefined:undefined":55,"s:359:2:362:Infinity":143,"s:360:4:362:Infinity":144,"f:360:31:360:37":31,"s:361:6:361:104":145,"f:361:30:361:36":32,"s:361:47:361:103":146,"b:361:54:361:64:361:64:361:67":56,"s:365:2:365:Infinity":147,"s:369:41:369:Infinity":148,"f:372:2:372:14":33,"s:372:31:372:52":149,"s:373:4:373:Infinity":150,"f:376:8:376:19":34,"b:377:4:378:Infinity:undefined:undefined:undefined:undefined":57,"s:377:4:378:Infinity":151,"s:378:6:378:Infinity":152,"s:381:10:381:51":153,"s:382:4:418:Infinity":154,"s:420:4:420:Infinity":155,"b:422:4:423:Infinity:undefined:undefined:undefined:undefined":58,"s:422:4:423:Infinity":156,"s:423:6:423:Infinity":157,"s:426:10:426:Infinity":158,"b:426:10:426:68:426:72:426:Infinity":59,"b:427:4:429:Infinity:undefined:undefined:undefined:undefined":60,"s:427:4:429:Infinity":159,"s:428:6:428:Infinity":160,"s:429:6:429:Infinity":161,"b:432:4:434:Infinity:undefined:undefined:undefined:undefined":61,"s:432:4:434:Infinity":162,"s:433:21:433:66":163,"s:434:6:434:Infinity":164,"f:438:8:438:22":35,"s:439:15:439:31":165,"s:440:23:440:47":166,"s:441:28:444:7":167,"f:441:63:441:68":36,"s:441:82:444:7":168,"s:445:31:445:109":169,"f:445:55:445:63":37,"s:445:76:445:108":170,"s:446:28:446:92":171,"b:448:4:449:Infinity:undefined:undefined:undefined:undefined":62,"s:448:4:449:Infinity":172,"s:449:6:449:Infinity":173,"s:452:4:463:Infinity":174,"f:452:20:452:30":38,"b:453:6:455:Infinity:undefined:undefined:undefined:undefined":63,"s:453:6:455:Infinity":175,"s:454:29:454:61":176,"f:454:36:454:46":39,"s:454:46:454:50":177,"s:455:8:455:Infinity":178,"s:458:6:459:Infinity":179,"s:459:8:459:Infinity":180,"s:462:6:462:Infinity":181,"f:466:8:466:24":40,"s:467:23:467:47":182,"s:468:28:471:7":183,"f:468:63:468:68":41,"s:468:82:471:7":184,"s:472:89:474:Infinity":185,"s:476:29:476:Infinity":186,"b:478:4:485:Infinity:undefined:undefined:undefined:undefined":64,"s:478:4:485:Infinity":187,"s:479:6:485:Infinity":188,"f:479:38:479:46":42,"s:480:8:481:Infinity":189,"s:481:10:481:Infinity":190,"s:484:8:484:Infinity":191,"s:488:4:491:Infinity":192,"f:494:8:494:20":43,"s:495:29:495:98":193,"b:495:29:495:59:495:63:495:98":65,"s:496:19:496:38":194,"s:497:21:497:85":195,"b:498:4:499:Infinity:undefined:undefined:undefined:undefined":66,"s:498:4:499:Infinity":196,"s:499:6:499:Infinity":197,"s:501:23:501:47":198,"s:502:20:506:6":199,"f:503:45:503:50":44,"s:503:58:503:70":200,"f:504:9:504:14":45,"s:504:25:504:38":201,"s:507:23:514:80":202,"f:508:7:508:12":46,"s:508:21:513:9":203,"f:514:7:514:15":47,"s:514:23:514:80":204,"b:514:23:514:38:514:38:514:60:514:60:514:80":67,"s:516:31:525:Infinity":205,"s:527:4:529:Infinity":206,"f:527:36:527:44":48,"s:528:6:528:Infinity":207,"s:531:4:531:Infinity":208,"f:534:8:534:23":49,"s:535:21:535:54":209,"b:537:4:538:Infinity:undefined:undefined:undefined:undefined":68,"s:537:4:538:Infinity":210,"s:538:6:538:Infinity":211,"s:541:20:545:6":212,"f:542:45:542:50":50,"s:542:58:542:70":213,"f:543:9:543:14":51,"s:543:25:543:38":214,"s:546:23:553:80":215,"f:547:7:547:12":52,"s:547:28:552:9":216,"b:548:12:548:46:548:40:548:58":69,"f:553:7:553:15":53,"s:553:23:553:80":217,"b:553:23:553:38:553:38:553:60:553:60:553:80":70,"s:555:38:562:Infinity":218,"b:558:24:558:54:558:58:558:Infinity":71,"s:563:21:563:147":219,"b:564:4:565:Infinity:undefined:undefined:undefined:undefined":72,"s:564:4:565:Infinity":220,"s:565:6:565:Infinity":221,"s:568:4:578:Infinity":222,"f:568:36:568:44":54,"s:569:17:569:33":223,"s:570:6:574:Infinity":224,"s:575:6:575:Infinity":225,"s:576:6:576:Infinity":226,"s:577:6:577:Infinity":227,"s:580:4:580:Infinity":228,"f:583:8:583:23":55,"s:584:4:584:Infinity":229,"f:587:8:587:24":56,"s:588:16:588:41":230,"b:589:4:590:Infinity:undefined:undefined:undefined:undefined":73,"s:589:4:590:Infinity":231,"s:590:6:590:Infinity":232,"s:593:19:593:42":233,"s:594:25:594:54":234,"f:594:29:594:39":57,"s:594:39:594:43":235,"s:595:4:595:Infinity":236,"s:596:4:596:Infinity":237,"f:599:8:599:22":58,"s:600:19:600:42":238,"s:601:4:601:Infinity":239,"s:602:4:602:Infinity":240,"f:605:8:605:46":59,"s:606:20:606:43":241,"b:607:4:608:Infinity:undefined:undefined:undefined:undefined":74,"s:607:4:608:Infinity":242,"s:608:6:608:Infinity":243,"s:611:4:611:Infinity":244,"s:612:4:612:Infinity":245,"f:615:2:615:32":60,"s:616:15:616:31":246,"s:617:19:621:12":247,"s:622:25:625:Infinity":248,"f:624:9:624:17":61,"s:624:65:624:100":249,"f:625:9:625:14":62,"s:625:22:625:52":250,"s:628:4:635:Infinity":251,"f:631:21:631:26":63,"s:631:37:634:Infinity":252,"b:633:15:633:38:633:42:633:Infinity":75,"f:638:2:638:15":64,"s:639:19:639:41":253,"s:641:4:651:Infinity":254,"f:641:35:641:43":65,"b:642:6:643:Infinity:undefined:undefined:undefined:undefined":76,"s:642:6:643:Infinity":255,"b:642:10:642:19:642:19:642:45":77,"s:643:8:643:Infinity":256,"b:646:6:647:Infinity:undefined:undefined:undefined:undefined":78,"s:646:6:647:Infinity":257,"s:647:8:647:Infinity":258,"s:650:6:650:Infinity":259,"f:650:20:650:27":66,"s:650:37:650:74":260,"f:654:2:654:16":67,"s:655:21:655:69":261,"s:656:34:656:89":262,"s:657:4:657:Infinity":263,"f:660:2:660:22":68,"s:661:4:668:Infinity":264,"f:661:36:661:41":69,"s:661:55:668:7":265,"f:671:2:671:20":70,"s:672:24:672:99":266,"f:672:56:672:61":71,"s:672:74:672:97":267,"s:673:4:676:Infinity":268,"f:673:23:673:32":72,"s:674:23:674:50":269,"s:675:6:675:Infinity":270,"b:675:24:675:34:675:37:675:39":79,"f:679:2:679:28":73,"s:680:22:680:51":271,"s:682:4:684:Infinity":272,"s:682:21:682:43":273,"s:683:24:683:63":274,"s:684:6:684:Infinity":275,"s:687:4:694:Infinity":276,"f:687:74:687:79":74,"s:687:93:694:7":277,"f:697:8:697:25":75,"s:698:19:698:60":278,"s:699:4:699:Infinity":279,"f:702:2:702:10":76,"s:703:28:703:70":280,"s:705:4:718:Infinity":281,"f:705:36:705:44":77,"s:706:17:706:33":282,"s:707:6:711:Infinity":283,"s:713:6:714:Infinity":284,"s:714:8:714:Infinity":285,"s:717:6:717:Infinity":286,"f:721:2:721:10":78,"s:722:15:722:31":287,"s:723:4:739:Infinity":288,"s:740:4:740:Infinity":289,"f:743:2:743:10":79,"s:744:15:744:31":290,"s:745:25:748:Infinity":291,"s:749:28:752:Infinity":292,"s:754:4:756:Infinity":293,"f:754:21:754:30":80,"s:755:6:755:Infinity":294,"s:758:4:760:Infinity":295,"f:758:24:758:33":81,"s:759:6:759:Infinity":296,"f:763:2:763:10":82,"s:764:15:764:31":297,"s:765:25:774:12":298,"s:776:23:783:12":299,"s:785:23:795:12":300,"s:797:30:797:57":301,"s:798:4:801:Infinity":302,"s:799:22:799:71":303,"b:799:22:799:65:799:69:799:71":80,"s:800:6:800:Infinity":304,"s:801:6:801:Infinity":305,"s:804:33:804:74":306,"s:805:4:813:Infinity":307,"s:806:19:806:71":308,"b:806:19:806:65:806:69:806:71":81,"s:807:6:812:Infinity":309,"b:810:42:810:49:810:49:810:72":82,"b:811:44:811:51:811:51:811:Infinity":83,"s:813:6:813:Infinity":310,"s:816:4:825:Infinity":311,"f:816:38:816:43":83,"s:816:52:825:7":312,"b:821:15:821:44:821:48:821:50":84,"b:822:18:822:50:822:54:822:56":85,"f:828:2:828:10":84,"s:829:4:829:Infinity":313,"b:829:11:829:81:829:85:829:Infinity":86,"f:829:35:829:41":85,"s:829:54:829:81":314,"f:832:2:832:10":86,"s:833:29:833:60":315,"s:834:39:834:80":316,"s:836:4:846:Infinity":317,"b:837:6:838:Infinity:undefined:undefined:undefined:undefined":87,"s:837:6:838:Infinity":318,"s:838:8:838:Infinity":319,"b:841:6:842:Infinity:undefined:undefined:undefined:undefined":88,"s:841:6:842:Infinity":320,"b:841:10:841:38:841:38:841:121":89,"s:842:8:842:Infinity":321,"b:845:6:846:Infinity:undefined:undefined:undefined:undefined":90,"s:845:6:846:Infinity":322,"b:845:10:845:30:845:30:845:93":91,"s:846:8:846:Infinity":323,"s:850:4:850:Infinity":324,"f:853:2:853:10":87,"s:854:22:857:48":325,"f:855:7:855:15":88,"s:855:28:855:53":326,"f:856:7:856:12":89,"s:856:25:856:58":327,"f:857:7:857:15":90,"s:857:25:857:47":328,"s:859:4:859:Infinity":329,"b:859:38:859:60:859:63:859:68":92,"f:862:2:862:10":91,"s:863:16:863:89":330,"s:864:4:864:Infinity":331,"b:864:18:864:32:864:32:864:34":93,"f:867:2:867:10":92,"s:868:16:868:98":332,"b:869:4:870:Infinity:undefined:undefined:undefined:undefined":94,"s:869:4:870:Infinity":333,"b:869:8:869:16:869:16:869:28":95,"s:870:6:870:Infinity":334,"s:873:4:873:Infinity":335,"f:876:2:876:10":93,"s:877:4:881:Infinity":336,"b:881:16:881:25:881:25:881:28":96,"f:884:2:884:10":94,"b:885:4:886:Infinity:undefined:undefined:undefined:undefined":97,"s:885:4:886:Infinity":337,"s:886:6:886:Infinity":338,"s:889:4:889:Infinity":339}}}
,"C:\\Users\\anand\\Desktop\\jet\\src\\server\\storage\\sqlite.ts": {"path":"C:\\Users\\anand\\Desktop\\jet\\src\\server\\storage\\sqlite.ts","statementMap":{"0":{"start":{"line":7,"column":22},"end":{"line":7,"column":55}},"1":{"start":{"line":10,"column":2},"end":{"line":10,"column":null}},"2":{"start":{"line":14,"column":2},"end":{"line":14,"column":null}},"3":{"start":{"line":18,"column":21},"end":{"line":18,"column":51}},"4":{"start":{"line":19,"column":17},"end":{"line":19,"column":46}},"5":{"start":{"line":20,"column":2},"end":{"line":21,"column":null}},"6":{"start":{"line":21,"column":4},"end":{"line":21,"column":null}},"7":{"start":{"line":24,"column":2},"end":{"line":24,"column":null}},"8":{"start":{"line":25,"column":19},"end":{"line":25,"column":62}},"9":{"start":{"line":26,"column":2},"end":{"line":30,"column":null}},"10":{"start":{"line":31,"column":2},"end":{"line":31,"column":null}},"11":{"start":{"line":32,"column":2},"end":{"line":32,"column":null}},"12":{"start":{"line":36,"column":2},"end":{"line":36,"column":null}},"13":{"start":{"line":38,"column":2},"end":{"line":49,"column":null}},"14":{"start":{"line":39,"column":19},"end":{"line":39,"column":29}},"15":{"start":{"line":40,"column":4},"end":{"line":40,"column":null}},"16":{"start":{"line":41,"column":4},"end":{"line":41,"column":null}},"17":{"start":{"line":43,"column":4},"end":{"line":45,"column":null}},"18":{"start":{"line":44,"column":6},"end":{"line":44,"column":null}},"19":{"start":{"line":49,"column":4},"end":{"line":49,"column":null}},"20":{"start":{"line":54,"column":2},"end":{"line":55,"column":null}},"21":{"start":{"line":55,"column":4},"end":{"line":55,"column":null}},"22":{"start":{"line":58,"column":2},"end":{"line":58,"column":null}}},"fnMap":{"0":{"name":"resolveSqlitePath","decl":{"start":{"line":9,"column":16},"end":{"line":9,"column":34}},"loc":{"start":{"line":9,"column":63},"end":{"line":10,"column":null}},"line":9},"1":{"name":"getLegacyJsonPath","decl":{"start":{"line":13,"column":16},"end":{"line":13,"column":34}},"loc":{"start":{"line":13,"column":70},"end":{"line":14,"column":null}},"line":13},"2":{"name":"openSqliteDatabase","decl":{"start":{"line":17,"column":16},"end":{"line":17,"column":35}},"loc":{"start":{"line":17,"column":72},"end":{"line":32,"column":null}},"line":17},"3":{"name":"withTransaction","decl":{"start":{"line":35,"column":16},"end":{"line":35,"column":35}},"loc":{"start":{"line":35,"column":83},"end":{"line":49,"column":null}},"line":35},"4":{"name":"readJsonFile","decl":{"start":{"line":53,"column":16},"end":{"line":53,"column":32}},"loc":{"start":{"line":53,"column":67},"end":{"line":58,"column":null}},"line":53}},"branchMap":{"0":{"loc":{"start":{"line":14,"column":9},"end":{"line":14,"column":null}},"type":"cond-expr","locations":[{"start":{"line":14,"column":55},"end":{"line":14,"column":69}},{"start":{"line":14,"column":69},"end":{"line":14,"column":null}}],"line":14},"1":{"loc":{"start":{"line":20,"column":2},"end":{"line":21,"column":null}},"type":"if","locations":[{"start":{"line":20,"column":2},"end":{"line":21,"column":null}},{"start":{},"end":{}}],"line":20},"2":{"loc":{"start":{"line":54,"column":2},"end":{"line":55,"column":null}},"type":"if","locations":[{"start":{"line":54,"column":2},"end":{"line":55,"column":null}},{"start":{},"end":{}}],"line":54},"3":{"loc":{"start":{"line":54,"column":6},"end":{"line":54,"column":40}},"type":"binary-expr","locations":[{"start":{"line":54,"column":6},"end":{"line":54,"column":19}},{"start":{"line":54,"column":19},"end":{"line":54,"column":40}}],"line":54}},"s":{"0":1,"1":4,"2":4,"3":4,"4":4,"5":4,"6":0,"7":4,"8":4,"9":4,"10":4,"11":4,"12":8,"13":8,"14":8,"15":8,"16":8,"17":0,"18":0,"19":0,"20":4,"21":4,"22":0},"f":{"0":4,"1":4,"2":4,"3":8,"4":4},"b":{"0":[4,0],"1":[0,4],"2":[4,0],"3":[4,4]},"meta":{"lastBranch":4,"lastFunction":5,"lastStatement":23,"seen":{"s:7:22:7:55":0,"f:9:16:9:34":0,"s:10:2:10:Infinity":1,"f:13:16:13:34":1,"s:14:2:14:Infinity":2,"b:14:55:14:69:14:69:14:Infinity":0,"f:17:16:17:35":2,"s:18:21:18:51":3,"s:19:17:19:46":4,"b:20:2:21:Infinity:undefined:undefined:undefined:undefined":1,"s:20:2:21:Infinity":5,"s:21:4:21:Infinity":6,"s:24:2:24:Infinity":7,"s:25:19:25:62":8,"s:26:2:30:Infinity":9,"s:31:2:31:Infinity":10,"s:32:2:32:Infinity":11,"f:35:16:35:35":3,"s:36:2:36:Infinity":12,"s:38:2:49:Infinity":13,"s:39:19:39:29":14,"s:40:4:40:Infinity":15,"s:41:4:41:Infinity":16,"s:43:4:45:Infinity":17,"s:44:6:44:Infinity":18,"s:49:4:49:Infinity":19,"f:53:16:53:32":4,"b:54:2:55:Infinity:undefined:undefined:undefined:undefined":2,"s:54:2:55:Infinity":20,"b:54:6:54:19:54:19:54:40":3,"s:55:4:55:Infinity":21,"s:58:2:58:Infinity":22}}}
,"C:\\Users\\anand\\Desktop\\jet\\src\\shared\\types.ts": {"path":"C:\\Users\\anand\\Desktop\\jet\\src\\shared\\types.ts","statementMap":{"0":{"start":{"line":1,"column":22},"end":{"line":1,"column":null}},"1":{"start":{"line":2,"column":32},"end":{"line":2,"column":null}},"2":{"start":{"line":3,"column":43},"end":{"line":3,"column":null}},"3":{"start":{"line":4,"column":47},"end":{"line":4,"column":null}}},"fnMap":{},"branchMap":{},"s":{"0":1,"1":1,"2":1,"3":1},"f":{},"b":{},"meta":{"lastBranch":0,"lastFunction":0,"lastStatement":4,"seen":{"s:1:22:1:Infinity":0,"s:2:32:2:Infinity":1,"s:3:43:3:Infinity":2,"s:4:47:4:Infinity":3}}}
}
